The system is: Linux - 2.6.32-573.12.1.el6.x86_64 - x86_64
Compiling the C compiler identification source file "CMakeCCompilerId.c" succeeded.
Compiler: /usr/local/pacerepov1/gcc/4.9.0/bin/gcc 
Build flags: 
Id flags:  

The output was:
0


Compilation of the C compiler identification source "CMakeCCompilerId.c" produced "a.out"

The C compiler identification is GNU, found in "/nv/coc-ice/hli656/final_testCmake/build/CMakeFiles/3.9.1/CompilerIdC/a.out"

Compiling the CXX compiler identification source file "CMakeCXXCompilerId.cpp" succeeded.
Compiler: /usr/local/pacerepov1/gcc/4.9.0/bin/g++ 
Build flags: 
Id flags:  

The output was:
0


Compilation of the CXX compiler identification source "CMakeCXXCompilerId.cpp" produced "a.out"

The CXX compiler identification is GNU, found in "/nv/coc-ice/hli656/final_testCmake/build/CMakeFiles/3.9.1/CompilerIdCXX/a.out"

Determining if the C compiler works passed with the following output:
Change Dir: /nv/coc-ice/hli656/final_testCmake/build/CMakeFiles/CMakeTmp

Run Build Command:"/usr/bin/gmake" "cmTC_dd40f/fast"
/usr/bin/gmake -f CMakeFiles/cmTC_dd40f.dir/build.make CMakeFiles/cmTC_dd40f.dir/build
gmake[1]: Entering directory `/nv/coc-ice/hli656/final_testCmake/build/CMakeFiles/CMakeTmp'
Building C object CMakeFiles/cmTC_dd40f.dir/testCCompiler.c.o
/usr/local/pacerepov1/gcc/4.9.0/bin/gcc    -o CMakeFiles/cmTC_dd40f.dir/testCCompiler.c.o   -c /nv/coc-ice/hli656/final_testCmake/build/CMakeFiles/CMakeTmp/testCCompiler.c
Linking C executable cmTC_dd40f
/nv/usr-local-rhel6.7/pacerepov1/cmake/3.9.1/bin/cmake -E cmake_link_script CMakeFiles/cmTC_dd40f.dir/link.txt --verbose=1
/usr/local/pacerepov1/gcc/4.9.0/bin/gcc    -L/usr/local/pacerepov1//openmpi/1.8/gcc-4.9.0/lib -L/usr/local/pacerepov1/cuda/9.1/lib64 -L/usr/local/pacerepov1/cuda/9.1/lib -L/usr/local/pacerepov1/gcc/mpc/0.9/lib -L/usr/local/pacerepov1/gcc/mpfr/3.1.0/lib -L/usr/local/pacerepov1/gmp/5.0.2/lib -L/usr/local/pacerepov1/gcc/4.9.0/lib64  CMakeFiles/cmTC_dd40f.dir/testCCompiler.c.o  -o cmTC_dd40f 
gmake[1]: Leaving directory `/nv/coc-ice/hli656/final_testCmake/build/CMakeFiles/CMakeTmp'


Detecting C compiler ABI info compiled with the following output:
Change Dir: /nv/coc-ice/hli656/final_testCmake/build/CMakeFiles/CMakeTmp

Run Build Command:"/usr/bin/gmake" "cmTC_6d791/fast"
/usr/bin/gmake -f CMakeFiles/cmTC_6d791.dir/build.make CMakeFiles/cmTC_6d791.dir/build
gmake[1]: Entering directory `/nv/coc-ice/hli656/final_testCmake/build/CMakeFiles/CMakeTmp'
Building C object CMakeFiles/cmTC_6d791.dir/CMakeCCompilerABI.c.o
/usr/local/pacerepov1/gcc/4.9.0/bin/gcc    -o CMakeFiles/cmTC_6d791.dir/CMakeCCompilerABI.c.o   -c /nv/usr-local-rhel6.7/pacerepov1/cmake/3.9.1/share/cmake-3.9/Modules/CMakeCCompilerABI.c
Linking C executable cmTC_6d791
/nv/usr-local-rhel6.7/pacerepov1/cmake/3.9.1/bin/cmake -E cmake_link_script CMakeFiles/cmTC_6d791.dir/link.txt --verbose=1
/usr/local/pacerepov1/gcc/4.9.0/bin/gcc    -L/usr/local/pacerepov1//openmpi/1.8/gcc-4.9.0/lib -L/usr/local/pacerepov1/cuda/9.1/lib64 -L/usr/local/pacerepov1/cuda/9.1/lib -L/usr/local/pacerepov1/gcc/mpc/0.9/lib -L/usr/local/pacerepov1/gcc/mpfr/3.1.0/lib -L/usr/local/pacerepov1/gmp/5.0.2/lib -L/usr/local/pacerepov1/gcc/4.9.0/lib64 -v CMakeFiles/cmTC_6d791.dir/CMakeCCompilerABI.c.o  -o cmTC_6d791 
使用内建 specs。
COLLECT_GCC=/usr/local/pacerepov1/gcc/4.9.0/bin/gcc
COLLECT_LTO_WRAPPER=/nv/usr-local-rhel6.7/pacerepov1/gcc/4.9.0/bin/../libexec/gcc/x86_64-unknown-linux-gnu/4.9.0/lto-wrapper
目标：x86_64-unknown-linux-gnu
配置为：../configure --prefix=/usr/local/packages/gcc/4.9.0/ --with-gmp=/usr/local/packages/gmp/5.0.2/gcc-4.4.5/ --with-gmp-lib=/usr/local/packages/gmp/5.0.2/gcc-4.4.5/lib/ --with-mpfr=/usr/local/packages/gcc/mpfr/3.1.0/ --with-mpfr-lib=/usr/local/packages/gcc/mpfr/3.1.0/lib --with-mpc=/usr/local/packages/gcc/mpc/0.9/ --with-mpc-lib=/usr/local/packages/gcc/mpc/0.9/lib/ --enable-languages=c,c++,fortran,go,java
线程模型：posix
gcc 版本 4.9.0 (GCC) 
COMPILER_PATH=/nv/usr-local-rhel6.7/pacerepov1/gcc/4.9.0/bin/../libexec/gcc/x86_64-unknown-linux-gnu/4.9.0/:/nv/usr-local-rhel6.7/pacerepov1/gcc/4.9.0/bin/../libexec/gcc/
LIBRARY_PATH=/nv/usr-local-rhel6.7/pacerepov1/gcc/4.9.0/bin/../lib/gcc/x86_64-unknown-linux-gnu/4.9.0/:/nv/usr-local-rhel6.7/pacerepov1/gcc/4.9.0/bin/../lib/gcc/:/nv/usr-local-rhel6.7/pacerepov1/gcc/4.9.0/bin/../lib/gcc/x86_64-unknown-linux-gnu/4.9.0/../../../../lib64/:/lib/../lib64/:/usr/lib/../lib64/:/nv/usr-local-rhel6.7/pacerepov1/gcc/4.9.0/bin/../lib/gcc/x86_64-unknown-linux-gnu/4.9.0/../../../:/lib/:/usr/lib/
COLLECT_GCC_OPTIONS='-L/usr/local/pacerepov1//openmpi/1.8/gcc-4.9.0/lib' '-L/usr/local/pacerepov1/cuda/9.1/lib64' '-L/usr/local/pacerepov1/cuda/9.1/lib' '-L/usr/local/pacerepov1/gcc/mpc/0.9/lib' '-L/usr/local/pacerepov1/gcc/mpfr/3.1.0/lib' '-L/usr/local/pacerepov1/gmp/5.0.2/lib' '-L/usr/local/pacerepov1/gcc/4.9.0/lib64' '-v' '-o' 'cmTC_6d791' '-mtune=generic' '-march=x86-64'
 /nv/usr-local-rhel6.7/pacerepov1/gcc/4.9.0/bin/../libexec/gcc/x86_64-unknown-linux-gnu/4.9.0/collect2 --eh-frame-hdr -m elf_x86_64 -dynamic-linker /lib64/ld-linux-x86-64.so.2 -o cmTC_6d791 /usr/lib/../lib64/crt1.o /usr/lib/../lib64/crti.o /nv/usr-local-rhel6.7/pacerepov1/gcc/4.9.0/bin/../lib/gcc/x86_64-unknown-linux-gnu/4.9.0/crtbegin.o -L/usr/local/pacerepov1//openmpi/1.8/gcc-4.9.0/lib -L/usr/local/pacerepov1/cuda/9.1/lib64 -L/usr/local/pacerepov1/cuda/9.1/lib -L/usr/local/pacerepov1/gcc/mpc/0.9/lib -L/usr/local/pacerepov1/gcc/mpfr/3.1.0/lib -L/usr/local/pacerepov1/gmp/5.0.2/lib -L/usr/local/pacerepov1/gcc/4.9.0/lib64 -L/nv/usr-local-rhel6.7/pacerepov1/gcc/4.9.0/bin/../lib/gcc/x86_64-unknown-linux-gnu/4.9.0 -L/nv/usr-local-rhel6.7/pacerepov1/gcc/4.9.0/bin/../lib/gcc -L/nv/usr-local-rhel6.7/pacerepov1/gcc/4.9.0/bin/../lib/gcc/x86_64-unknown-linux-gnu/4.9.0/../../../../lib64 -L/lib/../lib64 -L/usr/lib/../lib64 -L/nv/usr-local-rhel6.7/pacerepov1/gcc/4.9.0/bin/../lib/gcc/x86_64-unknown-linux-gnu/4.9.0/../../.. CMakeFiles/cmTC_6d791.dir/CMakeCCompilerABI.c.o -lgcc --as-needed -lgcc_s --no-as-needed -lc -lgcc --as-needed -lgcc_s --no-as-needed /nv/usr-local-rhel6.7/pacerepov1/gcc/4.9.0/bin/../lib/gcc/x86_64-unknown-linux-gnu/4.9.0/crtend.o /usr/lib/../lib64/crtn.o
gmake[1]: Leaving directory `/nv/coc-ice/hli656/final_testCmake/build/CMakeFiles/CMakeTmp'


Parsed C implicit link information from above output:
  link line regex: [^( *|.*[/\])(ld|CMAKE_LINK_STARTFILE-NOTFOUND|([^/\]+-)?ld|collect2)[^/\]*( |$)]
  ignore line: [Change Dir: /nv/coc-ice/hli656/final_testCmake/build/CMakeFiles/CMakeTmp]
  ignore line: []
  ignore line: [Run Build Command:"/usr/bin/gmake" "cmTC_6d791/fast"]
  ignore line: [/usr/bin/gmake -f CMakeFiles/cmTC_6d791.dir/build.make CMakeFiles/cmTC_6d791.dir/build]
  ignore line: [gmake[1]: Entering directory `/nv/coc-ice/hli656/final_testCmake/build/CMakeFiles/CMakeTmp']
  ignore line: [Building C object CMakeFiles/cmTC_6d791.dir/CMakeCCompilerABI.c.o]
  ignore line: [/usr/local/pacerepov1/gcc/4.9.0/bin/gcc    -o CMakeFiles/cmTC_6d791.dir/CMakeCCompilerABI.c.o   -c /nv/usr-local-rhel6.7/pacerepov1/cmake/3.9.1/share/cmake-3.9/Modules/CMakeCCompilerABI.c]
  ignore line: [Linking C executable cmTC_6d791]
  ignore line: [/nv/usr-local-rhel6.7/pacerepov1/cmake/3.9.1/bin/cmake -E cmake_link_script CMakeFiles/cmTC_6d791.dir/link.txt --verbose=1]
  ignore line: [/usr/local/pacerepov1/gcc/4.9.0/bin/gcc    -L/usr/local/pacerepov1//openmpi/1.8/gcc-4.9.0/lib -L/usr/local/pacerepov1/cuda/9.1/lib64 -L/usr/local/pacerepov1/cuda/9.1/lib -L/usr/local/pacerepov1/gcc/mpc/0.9/lib -L/usr/local/pacerepov1/gcc/mpfr/3.1.0/lib -L/usr/local/pacerepov1/gmp/5.0.2/lib -L/usr/local/pacerepov1/gcc/4.9.0/lib64 -v CMakeFiles/cmTC_6d791.dir/CMakeCCompilerABI.c.o  -o cmTC_6d791 ]
  ignore line: [使用内建 specs。]
  ignore line: [COLLECT_GCC=/usr/local/pacerepov1/gcc/4.9.0/bin/gcc]
  ignore line: [COLLECT_LTO_WRAPPER=/nv/usr-local-rhel6.7/pacerepov1/gcc/4.9.0/bin/../libexec/gcc/x86_64-unknown-linux-gnu/4.9.0/lto-wrapper]
  ignore line: [目标：x86_64-unknown-linux-gnu]
  ignore line: [配置为：../configure --prefix=/usr/local/packages/gcc/4.9.0/ --with-gmp=/usr/local/packages/gmp/5.0.2/gcc-4.4.5/ --with-gmp-lib=/usr/local/packages/gmp/5.0.2/gcc-4.4.5/lib/ --with-mpfr=/usr/local/packages/gcc/mpfr/3.1.0/ --with-mpfr-lib=/usr/local/packages/gcc/mpfr/3.1.0/lib --with-mpc=/usr/local/packages/gcc/mpc/0.9/ --with-mpc-lib=/usr/local/packages/gcc/mpc/0.9/lib/ --enable-languages=c,c++,fortran,go,java]
  ignore line: [线程模型：posix]
  ignore line: [gcc 版本 4.9.0 (GCC) ]
  ignore line: [COMPILER_PATH=/nv/usr-local-rhel6.7/pacerepov1/gcc/4.9.0/bin/../libexec/gcc/x86_64-unknown-linux-gnu/4.9.0/:/nv/usr-local-rhel6.7/pacerepov1/gcc/4.9.0/bin/../libexec/gcc/]
  ignore line: [LIBRARY_PATH=/nv/usr-local-rhel6.7/pacerepov1/gcc/4.9.0/bin/../lib/gcc/x86_64-unknown-linux-gnu/4.9.0/:/nv/usr-local-rhel6.7/pacerepov1/gcc/4.9.0/bin/../lib/gcc/:/nv/usr-local-rhel6.7/pacerepov1/gcc/4.9.0/bin/../lib/gcc/x86_64-unknown-linux-gnu/4.9.0/../../../../lib64/:/lib/../lib64/:/usr/lib/../lib64/:/nv/usr-local-rhel6.7/pacerepov1/gcc/4.9.0/bin/../lib/gcc/x86_64-unknown-linux-gnu/4.9.0/../../../:/lib/:/usr/lib/]
  ignore line: [COLLECT_GCC_OPTIONS='-L/usr/local/pacerepov1//openmpi/1.8/gcc-4.9.0/lib' '-L/usr/local/pacerepov1/cuda/9.1/lib64' '-L/usr/local/pacerepov1/cuda/9.1/lib' '-L/usr/local/pacerepov1/gcc/mpc/0.9/lib' '-L/usr/local/pacerepov1/gcc/mpfr/3.1.0/lib' '-L/usr/local/pacerepov1/gmp/5.0.2/lib' '-L/usr/local/pacerepov1/gcc/4.9.0/lib64' '-v' '-o' 'cmTC_6d791' '-mtune=generic' '-march=x86-64']
  link line: [ /nv/usr-local-rhel6.7/pacerepov1/gcc/4.9.0/bin/../libexec/gcc/x86_64-unknown-linux-gnu/4.9.0/collect2 --eh-frame-hdr -m elf_x86_64 -dynamic-linker /lib64/ld-linux-x86-64.so.2 -o cmTC_6d791 /usr/lib/../lib64/crt1.o /usr/lib/../lib64/crti.o /nv/usr-local-rhel6.7/pacerepov1/gcc/4.9.0/bin/../lib/gcc/x86_64-unknown-linux-gnu/4.9.0/crtbegin.o -L/usr/local/pacerepov1//openmpi/1.8/gcc-4.9.0/lib -L/usr/local/pacerepov1/cuda/9.1/lib64 -L/usr/local/pacerepov1/cuda/9.1/lib -L/usr/local/pacerepov1/gcc/mpc/0.9/lib -L/usr/local/pacerepov1/gcc/mpfr/3.1.0/lib -L/usr/local/pacerepov1/gmp/5.0.2/lib -L/usr/local/pacerepov1/gcc/4.9.0/lib64 -L/nv/usr-local-rhel6.7/pacerepov1/gcc/4.9.0/bin/../lib/gcc/x86_64-unknown-linux-gnu/4.9.0 -L/nv/usr-local-rhel6.7/pacerepov1/gcc/4.9.0/bin/../lib/gcc -L/nv/usr-local-rhel6.7/pacerepov1/gcc/4.9.0/bin/../lib/gcc/x86_64-unknown-linux-gnu/4.9.0/../../../../lib64 -L/lib/../lib64 -L/usr/lib/../lib64 -L/nv/usr-local-rhel6.7/pacerepov1/gcc/4.9.0/bin/../lib/gcc/x86_64-unknown-linux-gnu/4.9.0/../../.. CMakeFiles/cmTC_6d791.dir/CMakeCCompilerABI.c.o -lgcc --as-needed -lgcc_s --no-as-needed -lc -lgcc --as-needed -lgcc_s --no-as-needed /nv/usr-local-rhel6.7/pacerepov1/gcc/4.9.0/bin/../lib/gcc/x86_64-unknown-linux-gnu/4.9.0/crtend.o /usr/lib/../lib64/crtn.o]
    arg [/nv/usr-local-rhel6.7/pacerepov1/gcc/4.9.0/bin/../libexec/gcc/x86_64-unknown-linux-gnu/4.9.0/collect2] ==> ignore
    arg [--eh-frame-hdr] ==> ignore
    arg [-m] ==> ignore
    arg [elf_x86_64] ==> ignore
    arg [-dynamic-linker] ==> ignore
    arg [/lib64/ld-linux-x86-64.so.2] ==> ignore
    arg [-o] ==> ignore
    arg [cmTC_6d791] ==> ignore
    arg [/usr/lib/../lib64/crt1.o] ==> ignore
    arg [/usr/lib/../lib64/crti.o] ==> ignore
    arg [/nv/usr-local-rhel6.7/pacerepov1/gcc/4.9.0/bin/../lib/gcc/x86_64-unknown-linux-gnu/4.9.0/crtbegin.o] ==> ignore
    arg [-L/usr/local/pacerepov1//openmpi/1.8/gcc-4.9.0/lib] ==> dir [/usr/local/pacerepov1//openmpi/1.8/gcc-4.9.0/lib]
    arg [-L/usr/local/pacerepov1/cuda/9.1/lib64] ==> dir [/usr/local/pacerepov1/cuda/9.1/lib64]
    arg [-L/usr/local/pacerepov1/cuda/9.1/lib] ==> dir [/usr/local/pacerepov1/cuda/9.1/lib]
    arg [-L/usr/local/pacerepov1/gcc/mpc/0.9/lib] ==> dir [/usr/local/pacerepov1/gcc/mpc/0.9/lib]
    arg [-L/usr/local/pacerepov1/gcc/mpfr/3.1.0/lib] ==> dir [/usr/local/pacerepov1/gcc/mpfr/3.1.0/lib]
    arg [-L/usr/local/pacerepov1/gmp/5.0.2/lib] ==> dir [/usr/local/pacerepov1/gmp/5.0.2/lib]
    arg [-L/usr/local/pacerepov1/gcc/4.9.0/lib64] ==> dir [/usr/local/pacerepov1/gcc/4.9.0/lib64]
    arg [-L/nv/usr-local-rhel6.7/pacerepov1/gcc/4.9.0/bin/../lib/gcc/x86_64-unknown-linux-gnu/4.9.0] ==> dir [/nv/usr-local-rhel6.7/pacerepov1/gcc/4.9.0/bin/../lib/gcc/x86_64-unknown-linux-gnu/4.9.0]
    arg [-L/nv/usr-local-rhel6.7/pacerepov1/gcc/4.9.0/bin/../lib/gcc] ==> dir [/nv/usr-local-rhel6.7/pacerepov1/gcc/4.9.0/bin/../lib/gcc]
    arg [-L/nv/usr-local-rhel6.7/pacerepov1/gcc/4.9.0/bin/../lib/gcc/x86_64-unknown-linux-gnu/4.9.0/../../../../lib64] ==> dir [/nv/usr-local-rhel6.7/pacerepov1/gcc/4.9.0/bin/../lib/gcc/x86_64-unknown-linux-gnu/4.9.0/../../../../lib64]
    arg [-L/lib/../lib64] ==> dir [/lib/../lib64]
    arg [-L/usr/lib/../lib64] ==> dir [/usr/lib/../lib64]
    arg [-L/nv/usr-local-rhel6.7/pacerepov1/gcc/4.9.0/bin/../lib/gcc/x86_64-unknown-linux-gnu/4.9.0/../../..] ==> dir [/nv/usr-local-rhel6.7/pacerepov1/gcc/4.9.0/bin/../lib/gcc/x86_64-unknown-linux-gnu/4.9.0/../../..]
    arg [CMakeFiles/cmTC_6d791.dir/CMakeCCompilerABI.c.o] ==> ignore
    arg [-lgcc] ==> lib [gcc]
    arg [--as-needed] ==> ignore
    arg [-lgcc_s] ==> lib [gcc_s]
    arg [--no-as-needed] ==> ignore
    arg [-lc] ==> lib [c]
    arg [-lgcc] ==> lib [gcc]
    arg [--as-needed] ==> ignore
    arg [-lgcc_s] ==> lib [gcc_s]
    arg [--no-as-needed] ==> ignore
    arg [/nv/usr-local-rhel6.7/pacerepov1/gcc/4.9.0/bin/../lib/gcc/x86_64-unknown-linux-gnu/4.9.0/crtend.o] ==> ignore
    arg [/usr/lib/../lib64/crtn.o] ==> ignore
  collapse library dir [/usr/local/pacerepov1//openmpi/1.8/gcc-4.9.0/lib] ==> [/usr/local/pacerepov1/openmpi/1.8/gcc-4.9.0/lib]
  collapse library dir [/usr/local/pacerepov1/cuda/9.1/lib64] ==> [/usr/local/pacerepov1/cuda/9.1/lib64]
  collapse library dir [/usr/local/pacerepov1/cuda/9.1/lib] ==> [/usr/local/pacerepov1/cuda/9.1/lib]
  collapse library dir [/usr/local/pacerepov1/gcc/mpc/0.9/lib] ==> [/usr/local/pacerepov1/gcc/mpc/0.9/lib]
  collapse library dir [/usr/local/pacerepov1/gcc/mpfr/3.1.0/lib] ==> [/usr/local/pacerepov1/gcc/mpfr/3.1.0/lib]
  collapse library dir [/usr/local/pacerepov1/gmp/5.0.2/lib] ==> [/usr/local/pacerepov1/gmp/5.0.2/lib]
  collapse library dir [/usr/local/pacerepov1/gcc/4.9.0/lib64] ==> [/usr/local/pacerepov1/gcc/4.9.0/lib64]
  collapse library dir [/nv/usr-local-rhel6.7/pacerepov1/gcc/4.9.0/bin/../lib/gcc/x86_64-unknown-linux-gnu/4.9.0] ==> [/nv/usr-local-rhel6.7/pacerepov1/gcc/4.9.0/lib/gcc/x86_64-unknown-linux-gnu/4.9.0]
  collapse library dir [/nv/usr-local-rhel6.7/pacerepov1/gcc/4.9.0/bin/../lib/gcc] ==> [/nv/usr-local-rhel6.7/pacerepov1/gcc/4.9.0/lib/gcc]
  collapse library dir [/nv/usr-local-rhel6.7/pacerepov1/gcc/4.9.0/bin/../lib/gcc/x86_64-unknown-linux-gnu/4.9.0/../../../../lib64] ==> [/nv/usr-local-rhel6.7/pacerepov1/gcc/4.9.0/lib64]
  collapse library dir [/lib/../lib64] ==> [/lib64]
  collapse library dir [/usr/lib/../lib64] ==> [/usr/lib64]
  collapse library dir [/nv/usr-local-rhel6.7/pacerepov1/gcc/4.9.0/bin/../lib/gcc/x86_64-unknown-linux-gnu/4.9.0/../../..] ==> [/nv/usr-local-rhel6.7/pacerepov1/gcc/4.9.0/lib]
  implicit libs: [gcc;gcc_s;c;gcc;gcc_s]
  implicit dirs: [/usr/local/pacerepov1/openmpi/1.8/gcc-4.9.0/lib;/usr/local/pacerepov1/cuda/9.1/lib64;/usr/local/pacerepov1/cuda/9.1/lib;/usr/local/pacerepov1/gcc/mpc/0.9/lib;/usr/local/pacerepov1/gcc/mpfr/3.1.0/lib;/usr/local/pacerepov1/gmp/5.0.2/lib;/usr/local/pacerepov1/gcc/4.9.0/lib64;/nv/usr-local-rhel6.7/pacerepov1/gcc/4.9.0/lib/gcc/x86_64-unknown-linux-gnu/4.9.0;/nv/usr-local-rhel6.7/pacerepov1/gcc/4.9.0/lib/gcc;/nv/usr-local-rhel6.7/pacerepov1/gcc/4.9.0/lib64;/lib64;/usr/lib64;/nv/usr-local-rhel6.7/pacerepov1/gcc/4.9.0/lib]
  implicit fwks: []




Detecting C [-std=c11] compiler features compiled with the following output:
Change Dir: /nv/coc-ice/hli656/final_testCmake/build/CMakeFiles/CMakeTmp

Run Build Command:"/usr/bin/gmake" "cmTC_582aa/fast"
/usr/bin/gmake -f CMakeFiles/cmTC_582aa.dir/build.make CMakeFiles/cmTC_582aa.dir/build
gmake[1]: Entering directory `/nv/coc-ice/hli656/final_testCmake/build/CMakeFiles/CMakeTmp'
Building C object CMakeFiles/cmTC_582aa.dir/feature_tests.c.o
/usr/local/pacerepov1/gcc/4.9.0/bin/gcc   -std=c11 -o CMakeFiles/cmTC_582aa.dir/feature_tests.c.o   -c /nv/coc-ice/hli656/final_testCmake/build/CMakeFiles/feature_tests.c
Linking C executable cmTC_582aa
/nv/usr-local-rhel6.7/pacerepov1/cmake/3.9.1/bin/cmake -E cmake_link_script CMakeFiles/cmTC_582aa.dir/link.txt --verbose=1
/usr/local/pacerepov1/gcc/4.9.0/bin/gcc    -L/usr/local/pacerepov1//openmpi/1.8/gcc-4.9.0/lib -L/usr/local/pacerepov1/cuda/9.1/lib64 -L/usr/local/pacerepov1/cuda/9.1/lib -L/usr/local/pacerepov1/gcc/mpc/0.9/lib -L/usr/local/pacerepov1/gcc/mpfr/3.1.0/lib -L/usr/local/pacerepov1/gmp/5.0.2/lib -L/usr/local/pacerepov1/gcc/4.9.0/lib64  CMakeFiles/cmTC_582aa.dir/feature_tests.c.o  -o cmTC_582aa 
gmake[1]: Leaving directory `/nv/coc-ice/hli656/final_testCmake/build/CMakeFiles/CMakeTmp'


    Feature record: C_FEATURE:1c_function_prototypes
    Feature record: C_FEATURE:1c_restrict
    Feature record: C_FEATURE:1c_static_assert
    Feature record: C_FEATURE:1c_variadic_macros


Detecting C [-std=c99] compiler features compiled with the following output:
Change Dir: /nv/coc-ice/hli656/final_testCmake/build/CMakeFiles/CMakeTmp

Run Build Command:"/usr/bin/gmake" "cmTC_0bb70/fast"
/usr/bin/gmake -f CMakeFiles/cmTC_0bb70.dir/build.make CMakeFiles/cmTC_0bb70.dir/build
gmake[1]: Entering directory `/nv/coc-ice/hli656/final_testCmake/build/CMakeFiles/CMakeTmp'
Building C object CMakeFiles/cmTC_0bb70.dir/feature_tests.c.o
/usr/local/pacerepov1/gcc/4.9.0/bin/gcc   -std=c99 -o CMakeFiles/cmTC_0bb70.dir/feature_tests.c.o   -c /nv/coc-ice/hli656/final_testCmake/build/CMakeFiles/feature_tests.c
Linking C executable cmTC_0bb70
/nv/usr-local-rhel6.7/pacerepov1/cmake/3.9.1/bin/cmake -E cmake_link_script CMakeFiles/cmTC_0bb70.dir/link.txt --verbose=1
/usr/local/pacerepov1/gcc/4.9.0/bin/gcc    -L/usr/local/pacerepov1//openmpi/1.8/gcc-4.9.0/lib -L/usr/local/pacerepov1/cuda/9.1/lib64 -L/usr/local/pacerepov1/cuda/9.1/lib -L/usr/local/pacerepov1/gcc/mpc/0.9/lib -L/usr/local/pacerepov1/gcc/mpfr/3.1.0/lib -L/usr/local/pacerepov1/gmp/5.0.2/lib -L/usr/local/pacerepov1/gcc/4.9.0/lib64  CMakeFiles/cmTC_0bb70.dir/feature_tests.c.o  -o cmTC_0bb70 
gmake[1]: Leaving directory `/nv/coc-ice/hli656/final_testCmake/build/CMakeFiles/CMakeTmp'


    Feature record: C_FEATURE:1c_function_prototypes
    Feature record: C_FEATURE:1c_restrict
    Feature record: C_FEATURE:0c_static_assert
    Feature record: C_FEATURE:1c_variadic_macros


Detecting C [-std=c90] compiler features compiled with the following output:
Change Dir: /nv/coc-ice/hli656/final_testCmake/build/CMakeFiles/CMakeTmp

Run Build Command:"/usr/bin/gmake" "cmTC_5b05d/fast"
/usr/bin/gmake -f CMakeFiles/cmTC_5b05d.dir/build.make CMakeFiles/cmTC_5b05d.dir/build
gmake[1]: Entering directory `/nv/coc-ice/hli656/final_testCmake/build/CMakeFiles/CMakeTmp'
Building C object CMakeFiles/cmTC_5b05d.dir/feature_tests.c.o
/usr/local/pacerepov1/gcc/4.9.0/bin/gcc   -std=c90 -o CMakeFiles/cmTC_5b05d.dir/feature_tests.c.o   -c /nv/coc-ice/hli656/final_testCmake/build/CMakeFiles/feature_tests.c
Linking C executable cmTC_5b05d
/nv/usr-local-rhel6.7/pacerepov1/cmake/3.9.1/bin/cmake -E cmake_link_script CMakeFiles/cmTC_5b05d.dir/link.txt --verbose=1
/usr/local/pacerepov1/gcc/4.9.0/bin/gcc    -L/usr/local/pacerepov1//openmpi/1.8/gcc-4.9.0/lib -L/usr/local/pacerepov1/cuda/9.1/lib64 -L/usr/local/pacerepov1/cuda/9.1/lib -L/usr/local/pacerepov1/gcc/mpc/0.9/lib -L/usr/local/pacerepov1/gcc/mpfr/3.1.0/lib -L/usr/local/pacerepov1/gmp/5.0.2/lib -L/usr/local/pacerepov1/gcc/4.9.0/lib64  CMakeFiles/cmTC_5b05d.dir/feature_tests.c.o  -o cmTC_5b05d 
gmake[1]: Leaving directory `/nv/coc-ice/hli656/final_testCmake/build/CMakeFiles/CMakeTmp'


    Feature record: C_FEATURE:1c_function_prototypes
    Feature record: C_FEATURE:0c_restrict
    Feature record: C_FEATURE:0c_static_assert
    Feature record: C_FEATURE:0c_variadic_macros
Determining if the CXX compiler works passed with the following output:
Change Dir: /nv/coc-ice/hli656/final_testCmake/build/CMakeFiles/CMakeTmp

Run Build Command:"/usr/bin/gmake" "cmTC_2f81b/fast"
/usr/bin/gmake -f CMakeFiles/cmTC_2f81b.dir/build.make CMakeFiles/cmTC_2f81b.dir/build
gmake[1]: Entering directory `/nv/coc-ice/hli656/final_testCmake/build/CMakeFiles/CMakeTmp'
Building CXX object CMakeFiles/cmTC_2f81b.dir/testCXXCompiler.cxx.o
/usr/local/pacerepov1/gcc/4.9.0/bin/g++     -o CMakeFiles/cmTC_2f81b.dir/testCXXCompiler.cxx.o -c /nv/coc-ice/hli656/final_testCmake/build/CMakeFiles/CMakeTmp/testCXXCompiler.cxx
Linking CXX executable cmTC_2f81b
/nv/usr-local-rhel6.7/pacerepov1/cmake/3.9.1/bin/cmake -E cmake_link_script CMakeFiles/cmTC_2f81b.dir/link.txt --verbose=1
/usr/local/pacerepov1/gcc/4.9.0/bin/g++     -L/usr/local/pacerepov1//openmpi/1.8/gcc-4.9.0/lib -L/usr/local/pacerepov1/cuda/9.1/lib64 -L/usr/local/pacerepov1/cuda/9.1/lib -L/usr/local/pacerepov1/gcc/mpc/0.9/lib -L/usr/local/pacerepov1/gcc/mpfr/3.1.0/lib -L/usr/local/pacerepov1/gmp/5.0.2/lib -L/usr/local/pacerepov1/gcc/4.9.0/lib64  CMakeFiles/cmTC_2f81b.dir/testCXXCompiler.cxx.o  -o cmTC_2f81b 
gmake[1]: Leaving directory `/nv/coc-ice/hli656/final_testCmake/build/CMakeFiles/CMakeTmp'


Detecting CXX compiler ABI info compiled with the following output:
Change Dir: /nv/coc-ice/hli656/final_testCmake/build/CMakeFiles/CMakeTmp

Run Build Command:"/usr/bin/gmake" "cmTC_f3cb3/fast"
/usr/bin/gmake -f CMakeFiles/cmTC_f3cb3.dir/build.make CMakeFiles/cmTC_f3cb3.dir/build
gmake[1]: Entering directory `/nv/coc-ice/hli656/final_testCmake/build/CMakeFiles/CMakeTmp'
Building CXX object CMakeFiles/cmTC_f3cb3.dir/CMakeCXXCompilerABI.cpp.o
/usr/local/pacerepov1/gcc/4.9.0/bin/g++     -o CMakeFiles/cmTC_f3cb3.dir/CMakeCXXCompilerABI.cpp.o -c /nv/usr-local-rhel6.7/pacerepov1/cmake/3.9.1/share/cmake-3.9/Modules/CMakeCXXCompilerABI.cpp
Linking CXX executable cmTC_f3cb3
/nv/usr-local-rhel6.7/pacerepov1/cmake/3.9.1/bin/cmake -E cmake_link_script CMakeFiles/cmTC_f3cb3.dir/link.txt --verbose=1
/usr/local/pacerepov1/gcc/4.9.0/bin/g++     -L/usr/local/pacerepov1//openmpi/1.8/gcc-4.9.0/lib -L/usr/local/pacerepov1/cuda/9.1/lib64 -L/usr/local/pacerepov1/cuda/9.1/lib -L/usr/local/pacerepov1/gcc/mpc/0.9/lib -L/usr/local/pacerepov1/gcc/mpfr/3.1.0/lib -L/usr/local/pacerepov1/gmp/5.0.2/lib -L/usr/local/pacerepov1/gcc/4.9.0/lib64 -v CMakeFiles/cmTC_f3cb3.dir/CMakeCXXCompilerABI.cpp.o  -o cmTC_f3cb3 
使用内建 specs。
COLLECT_GCC=/usr/local/pacerepov1/gcc/4.9.0/bin/g++
COLLECT_LTO_WRAPPER=/nv/usr-local-rhel6.7/pacerepov1/gcc/4.9.0/bin/../libexec/gcc/x86_64-unknown-linux-gnu/4.9.0/lto-wrapper
目标：x86_64-unknown-linux-gnu
配置为：../configure --prefix=/usr/local/packages/gcc/4.9.0/ --with-gmp=/usr/local/packages/gmp/5.0.2/gcc-4.4.5/ --with-gmp-lib=/usr/local/packages/gmp/5.0.2/gcc-4.4.5/lib/ --with-mpfr=/usr/local/packages/gcc/mpfr/3.1.0/ --with-mpfr-lib=/usr/local/packages/gcc/mpfr/3.1.0/lib --with-mpc=/usr/local/packages/gcc/mpc/0.9/ --with-mpc-lib=/usr/local/packages/gcc/mpc/0.9/lib/ --enable-languages=c,c++,fortran,go,java
线程模型：posix
gcc 版本 4.9.0 (GCC) 
COMPILER_PATH=/nv/usr-local-rhel6.7/pacerepov1/gcc/4.9.0/bin/../libexec/gcc/x86_64-unknown-linux-gnu/4.9.0/:/nv/usr-local-rhel6.7/pacerepov1/gcc/4.9.0/bin/../libexec/gcc/
LIBRARY_PATH=/nv/usr-local-rhel6.7/pacerepov1/gcc/4.9.0/bin/../lib/gcc/x86_64-unknown-linux-gnu/4.9.0/:/nv/usr-local-rhel6.7/pacerepov1/gcc/4.9.0/bin/../lib/gcc/:/nv/usr-local-rhel6.7/pacerepov1/gcc/4.9.0/bin/../lib/gcc/x86_64-unknown-linux-gnu/4.9.0/../../../../lib64/:/lib/../lib64/:/usr/lib/../lib64/:/nv/usr-local-rhel6.7/pacerepov1/gcc/4.9.0/bin/../lib/gcc/x86_64-unknown-linux-gnu/4.9.0/../../../:/lib/:/usr/lib/
COLLECT_GCC_OPTIONS='-L/usr/local/pacerepov1//openmpi/1.8/gcc-4.9.0/lib' '-L/usr/local/pacerepov1/cuda/9.1/lib64' '-L/usr/local/pacerepov1/cuda/9.1/lib' '-L/usr/local/pacerepov1/gcc/mpc/0.9/lib' '-L/usr/local/pacerepov1/gcc/mpfr/3.1.0/lib' '-L/usr/local/pacerepov1/gmp/5.0.2/lib' '-L/usr/local/pacerepov1/gcc/4.9.0/lib64' '-v' '-o' 'cmTC_f3cb3' '-shared-libgcc' '-mtune=generic' '-march=x86-64'
 /nv/usr-local-rhel6.7/pacerepov1/gcc/4.9.0/bin/../libexec/gcc/x86_64-unknown-linux-gnu/4.9.0/collect2 --eh-frame-hdr -m elf_x86_64 -dynamic-linker /lib64/ld-linux-x86-64.so.2 -o cmTC_f3cb3 /usr/lib/../lib64/crt1.o /usr/lib/../lib64/crti.o /nv/usr-local-rhel6.7/pacerepov1/gcc/4.9.0/bin/../lib/gcc/x86_64-unknown-linux-gnu/4.9.0/crtbegin.o -L/usr/local/pacerepov1//openmpi/1.8/gcc-4.9.0/lib -L/usr/local/pacerepov1/cuda/9.1/lib64 -L/usr/local/pacerepov1/cuda/9.1/lib -L/usr/local/pacerepov1/gcc/mpc/0.9/lib -L/usr/local/pacerepov1/gcc/mpfr/3.1.0/lib -L/usr/local/pacerepov1/gmp/5.0.2/lib -L/usr/local/pacerepov1/gcc/4.9.0/lib64 -L/nv/usr-local-rhel6.7/pacerepov1/gcc/4.9.0/bin/../lib/gcc/x86_64-unknown-linux-gnu/4.9.0 -L/nv/usr-local-rhel6.7/pacerepov1/gcc/4.9.0/bin/../lib/gcc -L/nv/usr-local-rhel6.7/pacerepov1/gcc/4.9.0/bin/../lib/gcc/x86_64-unknown-linux-gnu/4.9.0/../../../../lib64 -L/lib/../lib64 -L/usr/lib/../lib64 -L/nv/usr-local-rhel6.7/pacerepov1/gcc/4.9.0/bin/../lib/gcc/x86_64-unknown-linux-gnu/4.9.0/../../.. CMakeFiles/cmTC_f3cb3.dir/CMakeCXXCompilerABI.cpp.o -lstdc++ -lm -lgcc_s -lgcc -lc -lgcc_s -lgcc /nv/usr-local-rhel6.7/pacerepov1/gcc/4.9.0/bin/../lib/gcc/x86_64-unknown-linux-gnu/4.9.0/crtend.o /usr/lib/../lib64/crtn.o
gmake[1]: Leaving directory `/nv/coc-ice/hli656/final_testCmake/build/CMakeFiles/CMakeTmp'


Parsed CXX implicit link information from above output:
  link line regex: [^( *|.*[/\])(ld|CMAKE_LINK_STARTFILE-NOTFOUND|([^/\]+-)?ld|collect2)[^/\]*( |$)]
  ignore line: [Change Dir: /nv/coc-ice/hli656/final_testCmake/build/CMakeFiles/CMakeTmp]
  ignore line: []
  ignore line: [Run Build Command:"/usr/bin/gmake" "cmTC_f3cb3/fast"]
  ignore line: [/usr/bin/gmake -f CMakeFiles/cmTC_f3cb3.dir/build.make CMakeFiles/cmTC_f3cb3.dir/build]
  ignore line: [gmake[1]: Entering directory `/nv/coc-ice/hli656/final_testCmake/build/CMakeFiles/CMakeTmp']
  ignore line: [Building CXX object CMakeFiles/cmTC_f3cb3.dir/CMakeCXXCompilerABI.cpp.o]
  ignore line: [/usr/local/pacerepov1/gcc/4.9.0/bin/g++     -o CMakeFiles/cmTC_f3cb3.dir/CMakeCXXCompilerABI.cpp.o -c /nv/usr-local-rhel6.7/pacerepov1/cmake/3.9.1/share/cmake-3.9/Modules/CMakeCXXCompilerABI.cpp]
  ignore line: [Linking CXX executable cmTC_f3cb3]
  ignore line: [/nv/usr-local-rhel6.7/pacerepov1/cmake/3.9.1/bin/cmake -E cmake_link_script CMakeFiles/cmTC_f3cb3.dir/link.txt --verbose=1]
  ignore line: [/usr/local/pacerepov1/gcc/4.9.0/bin/g++     -L/usr/local/pacerepov1//openmpi/1.8/gcc-4.9.0/lib -L/usr/local/pacerepov1/cuda/9.1/lib64 -L/usr/local/pacerepov1/cuda/9.1/lib -L/usr/local/pacerepov1/gcc/mpc/0.9/lib -L/usr/local/pacerepov1/gcc/mpfr/3.1.0/lib -L/usr/local/pacerepov1/gmp/5.0.2/lib -L/usr/local/pacerepov1/gcc/4.9.0/lib64 -v CMakeFiles/cmTC_f3cb3.dir/CMakeCXXCompilerABI.cpp.o  -o cmTC_f3cb3 ]
  ignore line: [使用内建 specs。]
  ignore line: [COLLECT_GCC=/usr/local/pacerepov1/gcc/4.9.0/bin/g++]
  ignore line: [COLLECT_LTO_WRAPPER=/nv/usr-local-rhel6.7/pacerepov1/gcc/4.9.0/bin/../libexec/gcc/x86_64-unknown-linux-gnu/4.9.0/lto-wrapper]
  ignore line: [目标：x86_64-unknown-linux-gnu]
  ignore line: [配置为：../configure --prefix=/usr/local/packages/gcc/4.9.0/ --with-gmp=/usr/local/packages/gmp/5.0.2/gcc-4.4.5/ --with-gmp-lib=/usr/local/packages/gmp/5.0.2/gcc-4.4.5/lib/ --with-mpfr=/usr/local/packages/gcc/mpfr/3.1.0/ --with-mpfr-lib=/usr/local/packages/gcc/mpfr/3.1.0/lib --with-mpc=/usr/local/packages/gcc/mpc/0.9/ --with-mpc-lib=/usr/local/packages/gcc/mpc/0.9/lib/ --enable-languages=c,c++,fortran,go,java]
  ignore line: [线程模型：posix]
  ignore line: [gcc 版本 4.9.0 (GCC) ]
  ignore line: [COMPILER_PATH=/nv/usr-local-rhel6.7/pacerepov1/gcc/4.9.0/bin/../libexec/gcc/x86_64-unknown-linux-gnu/4.9.0/:/nv/usr-local-rhel6.7/pacerepov1/gcc/4.9.0/bin/../libexec/gcc/]
  ignore line: [LIBRARY_PATH=/nv/usr-local-rhel6.7/pacerepov1/gcc/4.9.0/bin/../lib/gcc/x86_64-unknown-linux-gnu/4.9.0/:/nv/usr-local-rhel6.7/pacerepov1/gcc/4.9.0/bin/../lib/gcc/:/nv/usr-local-rhel6.7/pacerepov1/gcc/4.9.0/bin/../lib/gcc/x86_64-unknown-linux-gnu/4.9.0/../../../../lib64/:/lib/../lib64/:/usr/lib/../lib64/:/nv/usr-local-rhel6.7/pacerepov1/gcc/4.9.0/bin/../lib/gcc/x86_64-unknown-linux-gnu/4.9.0/../../../:/lib/:/usr/lib/]
  ignore line: [COLLECT_GCC_OPTIONS='-L/usr/local/pacerepov1//openmpi/1.8/gcc-4.9.0/lib' '-L/usr/local/pacerepov1/cuda/9.1/lib64' '-L/usr/local/pacerepov1/cuda/9.1/lib' '-L/usr/local/pacerepov1/gcc/mpc/0.9/lib' '-L/usr/local/pacerepov1/gcc/mpfr/3.1.0/lib' '-L/usr/local/pacerepov1/gmp/5.0.2/lib' '-L/usr/local/pacerepov1/gcc/4.9.0/lib64' '-v' '-o' 'cmTC_f3cb3' '-shared-libgcc' '-mtune=generic' '-march=x86-64']
  link line: [ /nv/usr-local-rhel6.7/pacerepov1/gcc/4.9.0/bin/../libexec/gcc/x86_64-unknown-linux-gnu/4.9.0/collect2 --eh-frame-hdr -m elf_x86_64 -dynamic-linker /lib64/ld-linux-x86-64.so.2 -o cmTC_f3cb3 /usr/lib/../lib64/crt1.o /usr/lib/../lib64/crti.o /nv/usr-local-rhel6.7/pacerepov1/gcc/4.9.0/bin/../lib/gcc/x86_64-unknown-linux-gnu/4.9.0/crtbegin.o -L/usr/local/pacerepov1//openmpi/1.8/gcc-4.9.0/lib -L/usr/local/pacerepov1/cuda/9.1/lib64 -L/usr/local/pacerepov1/cuda/9.1/lib -L/usr/local/pacerepov1/gcc/mpc/0.9/lib -L/usr/local/pacerepov1/gcc/mpfr/3.1.0/lib -L/usr/local/pacerepov1/gmp/5.0.2/lib -L/usr/local/pacerepov1/gcc/4.9.0/lib64 -L/nv/usr-local-rhel6.7/pacerepov1/gcc/4.9.0/bin/../lib/gcc/x86_64-unknown-linux-gnu/4.9.0 -L/nv/usr-local-rhel6.7/pacerepov1/gcc/4.9.0/bin/../lib/gcc -L/nv/usr-local-rhel6.7/pacerepov1/gcc/4.9.0/bin/../lib/gcc/x86_64-unknown-linux-gnu/4.9.0/../../../../lib64 -L/lib/../lib64 -L/usr/lib/../lib64 -L/nv/usr-local-rhel6.7/pacerepov1/gcc/4.9.0/bin/../lib/gcc/x86_64-unknown-linux-gnu/4.9.0/../../.. CMakeFiles/cmTC_f3cb3.dir/CMakeCXXCompilerABI.cpp.o -lstdc++ -lm -lgcc_s -lgcc -lc -lgcc_s -lgcc /nv/usr-local-rhel6.7/pacerepov1/gcc/4.9.0/bin/../lib/gcc/x86_64-unknown-linux-gnu/4.9.0/crtend.o /usr/lib/../lib64/crtn.o]
    arg [/nv/usr-local-rhel6.7/pacerepov1/gcc/4.9.0/bin/../libexec/gcc/x86_64-unknown-linux-gnu/4.9.0/collect2] ==> ignore
    arg [--eh-frame-hdr] ==> ignore
    arg [-m] ==> ignore
    arg [elf_x86_64] ==> ignore
    arg [-dynamic-linker] ==> ignore
    arg [/lib64/ld-linux-x86-64.so.2] ==> ignore
    arg [-o] ==> ignore
    arg [cmTC_f3cb3] ==> ignore
    arg [/usr/lib/../lib64/crt1.o] ==> ignore
    arg [/usr/lib/../lib64/crti.o] ==> ignore
    arg [/nv/usr-local-rhel6.7/pacerepov1/gcc/4.9.0/bin/../lib/gcc/x86_64-unknown-linux-gnu/4.9.0/crtbegin.o] ==> ignore
    arg [-L/usr/local/pacerepov1//openmpi/1.8/gcc-4.9.0/lib] ==> dir [/usr/local/pacerepov1//openmpi/1.8/gcc-4.9.0/lib]
    arg [-L/usr/local/pacerepov1/cuda/9.1/lib64] ==> dir [/usr/local/pacerepov1/cuda/9.1/lib64]
    arg [-L/usr/local/pacerepov1/cuda/9.1/lib] ==> dir [/usr/local/pacerepov1/cuda/9.1/lib]
    arg [-L/usr/local/pacerepov1/gcc/mpc/0.9/lib] ==> dir [/usr/local/pacerepov1/gcc/mpc/0.9/lib]
    arg [-L/usr/local/pacerepov1/gcc/mpfr/3.1.0/lib] ==> dir [/usr/local/pacerepov1/gcc/mpfr/3.1.0/lib]
    arg [-L/usr/local/pacerepov1/gmp/5.0.2/lib] ==> dir [/usr/local/pacerepov1/gmp/5.0.2/lib]
    arg [-L/usr/local/pacerepov1/gcc/4.9.0/lib64] ==> dir [/usr/local/pacerepov1/gcc/4.9.0/lib64]
    arg [-L/nv/usr-local-rhel6.7/pacerepov1/gcc/4.9.0/bin/../lib/gcc/x86_64-unknown-linux-gnu/4.9.0] ==> dir [/nv/usr-local-rhel6.7/pacerepov1/gcc/4.9.0/bin/../lib/gcc/x86_64-unknown-linux-gnu/4.9.0]
    arg [-L/nv/usr-local-rhel6.7/pacerepov1/gcc/4.9.0/bin/../lib/gcc] ==> dir [/nv/usr-local-rhel6.7/pacerepov1/gcc/4.9.0/bin/../lib/gcc]
    arg [-L/nv/usr-local-rhel6.7/pacerepov1/gcc/4.9.0/bin/../lib/gcc/x86_64-unknown-linux-gnu/4.9.0/../../../../lib64] ==> dir [/nv/usr-local-rhel6.7/pacerepov1/gcc/4.9.0/bin/../lib/gcc/x86_64-unknown-linux-gnu/4.9.0/../../../../lib64]
    arg [-L/lib/../lib64] ==> dir [/lib/../lib64]
    arg [-L/usr/lib/../lib64] ==> dir [/usr/lib/../lib64]
    arg [-L/nv/usr-local-rhel6.7/pacerepov1/gcc/4.9.0/bin/../lib/gcc/x86_64-unknown-linux-gnu/4.9.0/../../..] ==> dir [/nv/usr-local-rhel6.7/pacerepov1/gcc/4.9.0/bin/../lib/gcc/x86_64-unknown-linux-gnu/4.9.0/../../..]
    arg [CMakeFiles/cmTC_f3cb3.dir/CMakeCXXCompilerABI.cpp.o] ==> ignore
    arg [-lstdc++] ==> lib [stdc++]
    arg [-lm] ==> lib [m]
    arg [-lgcc_s] ==> lib [gcc_s]
    arg [-lgcc] ==> lib [gcc]
    arg [-lc] ==> lib [c]
    arg [-lgcc_s] ==> lib [gcc_s]
    arg [-lgcc] ==> lib [gcc]
    arg [/nv/usr-local-rhel6.7/pacerepov1/gcc/4.9.0/bin/../lib/gcc/x86_64-unknown-linux-gnu/4.9.0/crtend.o] ==> ignore
    arg [/usr/lib/../lib64/crtn.o] ==> ignore
  collapse library dir [/usr/local/pacerepov1//openmpi/1.8/gcc-4.9.0/lib] ==> [/usr/local/pacerepov1/openmpi/1.8/gcc-4.9.0/lib]
  collapse library dir [/usr/local/pacerepov1/cuda/9.1/lib64] ==> [/usr/local/pacerepov1/cuda/9.1/lib64]
  collapse library dir [/usr/local/pacerepov1/cuda/9.1/lib] ==> [/usr/local/pacerepov1/cuda/9.1/lib]
  collapse library dir [/usr/local/pacerepov1/gcc/mpc/0.9/lib] ==> [/usr/local/pacerepov1/gcc/mpc/0.9/lib]
  collapse library dir [/usr/local/pacerepov1/gcc/mpfr/3.1.0/lib] ==> [/usr/local/pacerepov1/gcc/mpfr/3.1.0/lib]
  collapse library dir [/usr/local/pacerepov1/gmp/5.0.2/lib] ==> [/usr/local/pacerepov1/gmp/5.0.2/lib]
  collapse library dir [/usr/local/pacerepov1/gcc/4.9.0/lib64] ==> [/usr/local/pacerepov1/gcc/4.9.0/lib64]
  collapse library dir [/nv/usr-local-rhel6.7/pacerepov1/gcc/4.9.0/bin/../lib/gcc/x86_64-unknown-linux-gnu/4.9.0] ==> [/nv/usr-local-rhel6.7/pacerepov1/gcc/4.9.0/lib/gcc/x86_64-unknown-linux-gnu/4.9.0]
  collapse library dir [/nv/usr-local-rhel6.7/pacerepov1/gcc/4.9.0/bin/../lib/gcc] ==> [/nv/usr-local-rhel6.7/pacerepov1/gcc/4.9.0/lib/gcc]
  collapse library dir [/nv/usr-local-rhel6.7/pacerepov1/gcc/4.9.0/bin/../lib/gcc/x86_64-unknown-linux-gnu/4.9.0/../../../../lib64] ==> [/nv/usr-local-rhel6.7/pacerepov1/gcc/4.9.0/lib64]
  collapse library dir [/lib/../lib64] ==> [/lib64]
  collapse library dir [/usr/lib/../lib64] ==> [/usr/lib64]
  collapse library dir [/nv/usr-local-rhel6.7/pacerepov1/gcc/4.9.0/bin/../lib/gcc/x86_64-unknown-linux-gnu/4.9.0/../../..] ==> [/nv/usr-local-rhel6.7/pacerepov1/gcc/4.9.0/lib]
  implicit libs: [stdc++;m;gcc_s;gcc;c;gcc_s;gcc]
  implicit dirs: [/usr/local/pacerepov1/openmpi/1.8/gcc-4.9.0/lib;/usr/local/pacerepov1/cuda/9.1/lib64;/usr/local/pacerepov1/cuda/9.1/lib;/usr/local/pacerepov1/gcc/mpc/0.9/lib;/usr/local/pacerepov1/gcc/mpfr/3.1.0/lib;/usr/local/pacerepov1/gmp/5.0.2/lib;/usr/local/pacerepov1/gcc/4.9.0/lib64;/nv/usr-local-rhel6.7/pacerepov1/gcc/4.9.0/lib/gcc/x86_64-unknown-linux-gnu/4.9.0;/nv/usr-local-rhel6.7/pacerepov1/gcc/4.9.0/lib/gcc;/nv/usr-local-rhel6.7/pacerepov1/gcc/4.9.0/lib64;/lib64;/usr/lib64;/nv/usr-local-rhel6.7/pacerepov1/gcc/4.9.0/lib]
  implicit fwks: []




Detecting CXX [-std=c++14] compiler features compiled with the following output:
Change Dir: /nv/coc-ice/hli656/final_testCmake/build/CMakeFiles/CMakeTmp

Run Build Command:"/usr/bin/gmake" "cmTC_e6cc3/fast"
/usr/bin/gmake -f CMakeFiles/cmTC_e6cc3.dir/build.make CMakeFiles/cmTC_e6cc3.dir/build
gmake[1]: Entering directory `/nv/coc-ice/hli656/final_testCmake/build/CMakeFiles/CMakeTmp'
Building CXX object CMakeFiles/cmTC_e6cc3.dir/feature_tests.cxx.o
/usr/local/pacerepov1/gcc/4.9.0/bin/g++    -std=c++14 -o CMakeFiles/cmTC_e6cc3.dir/feature_tests.cxx.o -c /nv/coc-ice/hli656/final_testCmake/build/CMakeFiles/feature_tests.cxx
Linking CXX executable cmTC_e6cc3
/nv/usr-local-rhel6.7/pacerepov1/cmake/3.9.1/bin/cmake -E cmake_link_script CMakeFiles/cmTC_e6cc3.dir/link.txt --verbose=1
/usr/local/pacerepov1/gcc/4.9.0/bin/g++     -L/usr/local/pacerepov1//openmpi/1.8/gcc-4.9.0/lib -L/usr/local/pacerepov1/cuda/9.1/lib64 -L/usr/local/pacerepov1/cuda/9.1/lib -L/usr/local/pacerepov1/gcc/mpc/0.9/lib -L/usr/local/pacerepov1/gcc/mpfr/3.1.0/lib -L/usr/local/pacerepov1/gmp/5.0.2/lib -L/usr/local/pacerepov1/gcc/4.9.0/lib64  CMakeFiles/cmTC_e6cc3.dir/feature_tests.cxx.o  -o cmTC_e6cc3 
gmake[1]: Leaving directory `/nv/coc-ice/hli656/final_testCmake/build/CMakeFiles/CMakeTmp'


    Feature record: CXX_FEATURE:0cxx_aggregate_default_initializers
    Feature record: CXX_FEATURE:1cxx_alias_templates
    Feature record: CXX_FEATURE:1cxx_alignas
    Feature record: CXX_FEATURE:1cxx_alignof
    Feature record: CXX_FEATURE:1cxx_attributes
    Feature record: CXX_FEATURE:1cxx_attribute_deprecated
    Feature record: CXX_FEATURE:1cxx_auto_type
    Feature record: CXX_FEATURE:1cxx_binary_literals
    Feature record: CXX_FEATURE:1cxx_constexpr
    Feature record: CXX_FEATURE:1cxx_contextual_conversions
    Feature record: CXX_FEATURE:1cxx_decltype
    Feature record: CXX_FEATURE:1cxx_decltype_auto
    Feature record: CXX_FEATURE:1cxx_decltype_incomplete_return_types
    Feature record: CXX_FEATURE:1cxx_default_function_template_args
    Feature record: CXX_FEATURE:1cxx_defaulted_functions
    Feature record: CXX_FEATURE:1cxx_defaulted_move_initializers
    Feature record: CXX_FEATURE:1cxx_delegating_constructors
    Feature record: CXX_FEATURE:1cxx_deleted_functions
    Feature record: CXX_FEATURE:1cxx_digit_separators
    Feature record: CXX_FEATURE:1cxx_enum_forward_declarations
    Feature record: CXX_FEATURE:1cxx_explicit_conversions
    Feature record: CXX_FEATURE:1cxx_extended_friend_declarations
    Feature record: CXX_FEATURE:1cxx_extern_templates
    Feature record: CXX_FEATURE:1cxx_final
    Feature record: CXX_FEATURE:1cxx_func_identifier
    Feature record: CXX_FEATURE:1cxx_generalized_initializers
    Feature record: CXX_FEATURE:1cxx_generic_lambdas
    Feature record: CXX_FEATURE:1cxx_inheriting_constructors
    Feature record: CXX_FEATURE:1cxx_inline_namespaces
    Feature record: CXX_FEATURE:1cxx_lambdas
    Feature record: CXX_FEATURE:1cxx_lambda_init_captures
    Feature record: CXX_FEATURE:1cxx_local_type_template_args
    Feature record: CXX_FEATURE:1cxx_long_long_type
    Feature record: CXX_FEATURE:1cxx_noexcept
    Feature record: CXX_FEATURE:1cxx_nonstatic_member_init
    Feature record: CXX_FEATURE:1cxx_nullptr
    Feature record: CXX_FEATURE:1cxx_override
    Feature record: CXX_FEATURE:1cxx_range_for
    Feature record: CXX_FEATURE:1cxx_raw_string_literals
    Feature record: CXX_FEATURE:1cxx_reference_qualified_functions
    Feature record: CXX_FEATURE:0cxx_relaxed_constexpr
    Feature record: CXX_FEATURE:1cxx_return_type_deduction
    Feature record: CXX_FEATURE:1cxx_right_angle_brackets
    Feature record: CXX_FEATURE:1cxx_rvalue_references
    Feature record: CXX_FEATURE:1cxx_sizeof_member
    Feature record: CXX_FEATURE:1cxx_static_assert
    Feature record: CXX_FEATURE:1cxx_strong_enums
    Feature record: CXX_FEATURE:1cxx_template_template_parameters
    Feature record: CXX_FEATURE:1cxx_thread_local
    Feature record: CXX_FEATURE:1cxx_trailing_return_types
    Feature record: CXX_FEATURE:1cxx_unicode_literals
    Feature record: CXX_FEATURE:1cxx_uniform_initialization
    Feature record: CXX_FEATURE:1cxx_unrestricted_unions
    Feature record: CXX_FEATURE:1cxx_user_literals
    Feature record: CXX_FEATURE:0cxx_variable_templates
    Feature record: CXX_FEATURE:1cxx_variadic_macros
    Feature record: CXX_FEATURE:1cxx_variadic_templates


Detecting CXX [-std=c++11] compiler features compiled with the following output:
Change Dir: /nv/coc-ice/hli656/final_testCmake/build/CMakeFiles/CMakeTmp

Run Build Command:"/usr/bin/gmake" "cmTC_1b678/fast"
/usr/bin/gmake -f CMakeFiles/cmTC_1b678.dir/build.make CMakeFiles/cmTC_1b678.dir/build
gmake[1]: Entering directory `/nv/coc-ice/hli656/final_testCmake/build/CMakeFiles/CMakeTmp'
Building CXX object CMakeFiles/cmTC_1b678.dir/feature_tests.cxx.o
/usr/local/pacerepov1/gcc/4.9.0/bin/g++    -std=c++11 -o CMakeFiles/cmTC_1b678.dir/feature_tests.cxx.o -c /nv/coc-ice/hli656/final_testCmake/build/CMakeFiles/feature_tests.cxx
Linking CXX executable cmTC_1b678
/nv/usr-local-rhel6.7/pacerepov1/cmake/3.9.1/bin/cmake -E cmake_link_script CMakeFiles/cmTC_1b678.dir/link.txt --verbose=1
/usr/local/pacerepov1/gcc/4.9.0/bin/g++     -L/usr/local/pacerepov1//openmpi/1.8/gcc-4.9.0/lib -L/usr/local/pacerepov1/cuda/9.1/lib64 -L/usr/local/pacerepov1/cuda/9.1/lib -L/usr/local/pacerepov1/gcc/mpc/0.9/lib -L/usr/local/pacerepov1/gcc/mpfr/3.1.0/lib -L/usr/local/pacerepov1/gmp/5.0.2/lib -L/usr/local/pacerepov1/gcc/4.9.0/lib64  CMakeFiles/cmTC_1b678.dir/feature_tests.cxx.o  -o cmTC_1b678 
gmake[1]: Leaving directory `/nv/coc-ice/hli656/final_testCmake/build/CMakeFiles/CMakeTmp'


    Feature record: CXX_FEATURE:0cxx_aggregate_default_initializers
    Feature record: CXX_FEATURE:1cxx_alias_templates
    Feature record: CXX_FEATURE:1cxx_alignas
    Feature record: CXX_FEATURE:1cxx_alignof
    Feature record: CXX_FEATURE:1cxx_attributes
    Feature record: CXX_FEATURE:0cxx_attribute_deprecated
    Feature record: CXX_FEATURE:1cxx_auto_type
    Feature record: CXX_FEATURE:0cxx_binary_literals
    Feature record: CXX_FEATURE:1cxx_constexpr
    Feature record: CXX_FEATURE:0cxx_contextual_conversions
    Feature record: CXX_FEATURE:1cxx_decltype
    Feature record: CXX_FEATURE:0cxx_decltype_auto
    Feature record: CXX_FEATURE:1cxx_decltype_incomplete_return_types
    Feature record: CXX_FEATURE:1cxx_default_function_template_args
    Feature record: CXX_FEATURE:1cxx_defaulted_functions
    Feature record: CXX_FEATURE:1cxx_defaulted_move_initializers
    Feature record: CXX_FEATURE:1cxx_delegating_constructors
    Feature record: CXX_FEATURE:1cxx_deleted_functions
    Feature record: CXX_FEATURE:0cxx_digit_separators
    Feature record: CXX_FEATURE:1cxx_enum_forward_declarations
    Feature record: CXX_FEATURE:1cxx_explicit_conversions
    Feature record: CXX_FEATURE:1cxx_extended_friend_declarations
    Feature record: CXX_FEATURE:1cxx_extern_templates
    Feature record: CXX_FEATURE:1cxx_final
    Feature record: CXX_FEATURE:1cxx_func_identifier
    Feature record: CXX_FEATURE:1cxx_generalized_initializers
    Feature record: CXX_FEATURE:0cxx_generic_lambdas
    Feature record: CXX_FEATURE:1cxx_inheriting_constructors
    Feature record: CXX_FEATURE:1cxx_inline_namespaces
    Feature record: CXX_FEATURE:1cxx_lambdas
    Feature record: CXX_FEATURE:0cxx_lambda_init_captures
    Feature record: CXX_FEATURE:1cxx_local_type_template_args
    Feature record: CXX_FEATURE:1cxx_long_long_type
    Feature record: CXX_FEATURE:1cxx_noexcept
    Feature record: CXX_FEATURE:1cxx_nonstatic_member_init
    Feature record: CXX_FEATURE:1cxx_nullptr
    Feature record: CXX_FEATURE:1cxx_override
    Feature record: CXX_FEATURE:1cxx_range_for
    Feature record: CXX_FEATURE:1cxx_raw_string_literals
    Feature record: CXX_FEATURE:1cxx_reference_qualified_functions
    Feature record: CXX_FEATURE:0cxx_relaxed_constexpr
    Feature record: CXX_FEATURE:0cxx_return_type_deduction
    Feature record: CXX_FEATURE:1cxx_right_angle_brackets
    Feature record: CXX_FEATURE:1cxx_rvalue_references
    Feature record: CXX_FEATURE:1cxx_sizeof_member
    Feature record: CXX_FEATURE:1cxx_static_assert
    Feature record: CXX_FEATURE:1cxx_strong_enums
    Feature record: CXX_FEATURE:1cxx_template_template_parameters
    Feature record: CXX_FEATURE:1cxx_thread_local
    Feature record: CXX_FEATURE:1cxx_trailing_return_types
    Feature record: CXX_FEATURE:1cxx_unicode_literals
    Feature record: CXX_FEATURE:1cxx_uniform_initialization
    Feature record: CXX_FEATURE:1cxx_unrestricted_unions
    Feature record: CXX_FEATURE:1cxx_user_literals
    Feature record: CXX_FEATURE:0cxx_variable_templates
    Feature record: CXX_FEATURE:1cxx_variadic_macros
    Feature record: CXX_FEATURE:1cxx_variadic_templates


Detecting CXX [-std=c++98] compiler features compiled with the following output:
Change Dir: /nv/coc-ice/hli656/final_testCmake/build/CMakeFiles/CMakeTmp

Run Build Command:"/usr/bin/gmake" "cmTC_57fcd/fast"
/usr/bin/gmake -f CMakeFiles/cmTC_57fcd.dir/build.make CMakeFiles/cmTC_57fcd.dir/build
gmake[1]: Entering directory `/nv/coc-ice/hli656/final_testCmake/build/CMakeFiles/CMakeTmp'
Building CXX object CMakeFiles/cmTC_57fcd.dir/feature_tests.cxx.o
/usr/local/pacerepov1/gcc/4.9.0/bin/g++    -std=c++98 -o CMakeFiles/cmTC_57fcd.dir/feature_tests.cxx.o -c /nv/coc-ice/hli656/final_testCmake/build/CMakeFiles/feature_tests.cxx
Linking CXX executable cmTC_57fcd
/nv/usr-local-rhel6.7/pacerepov1/cmake/3.9.1/bin/cmake -E cmake_link_script CMakeFiles/cmTC_57fcd.dir/link.txt --verbose=1
/usr/local/pacerepov1/gcc/4.9.0/bin/g++     -L/usr/local/pacerepov1//openmpi/1.8/gcc-4.9.0/lib -L/usr/local/pacerepov1/cuda/9.1/lib64 -L/usr/local/pacerepov1/cuda/9.1/lib -L/usr/local/pacerepov1/gcc/mpc/0.9/lib -L/usr/local/pacerepov1/gcc/mpfr/3.1.0/lib -L/usr/local/pacerepov1/gmp/5.0.2/lib -L/usr/local/pacerepov1/gcc/4.9.0/lib64  CMakeFiles/cmTC_57fcd.dir/feature_tests.cxx.o  -o cmTC_57fcd 
gmake[1]: Leaving directory `/nv/coc-ice/hli656/final_testCmake/build/CMakeFiles/CMakeTmp'


    Feature record: CXX_FEATURE:0cxx_aggregate_default_initializers
    Feature record: CXX_FEATURE:0cxx_alias_templates
    Feature record: CXX_FEATURE:0cxx_alignas
    Feature record: CXX_FEATURE:0cxx_alignof
    Feature record: CXX_FEATURE:0cxx_attributes
    Feature record: CXX_FEATURE:0cxx_attribute_deprecated
    Feature record: CXX_FEATURE:0cxx_auto_type
    Feature record: CXX_FEATURE:0cxx_binary_literals
    Feature record: CXX_FEATURE:0cxx_constexpr
    Feature record: CXX_FEATURE:0cxx_contextual_conversions
    Feature record: CXX_FEATURE:0cxx_decltype
    Feature record: CXX_FEATURE:0cxx_decltype_auto
    Feature record: CXX_FEATURE:0cxx_decltype_incomplete_return_types
    Feature record: CXX_FEATURE:0cxx_default_function_template_args
    Feature record: CXX_FEATURE:0cxx_defaulted_functions
    Feature record: CXX_FEATURE:0cxx_defaulted_move_initializers
    Feature record: CXX_FEATURE:0cxx_delegating_constructors
    Feature record: CXX_FEATURE:0cxx_deleted_functions
    Feature record: CXX_FEATURE:0cxx_digit_separators
    Feature record: CXX_FEATURE:0cxx_enum_forward_declarations
    Feature record: CXX_FEATURE:0cxx_explicit_conversions
    Feature record: CXX_FEATURE:0cxx_extended_friend_declarations
    Feature record: CXX_FEATURE:0cxx_extern_templates
    Feature record: CXX_FEATURE:0cxx_final
    Feature record: CXX_FEATURE:0cxx_func_identifier
    Feature record: CXX_FEATURE:0cxx_generalized_initializers
    Feature record: CXX_FEATURE:0cxx_generic_lambdas
    Feature record: CXX_FEATURE:0cxx_inheriting_constructors
    Feature record: CXX_FEATURE:0cxx_inline_namespaces
    Feature record: CXX_FEATURE:0cxx_lambdas
    Feature record: CXX_FEATURE:0cxx_lambda_init_captures
    Feature record: CXX_FEATURE:0cxx_local_type_template_args
    Feature record: CXX_FEATURE:0cxx_long_long_type
    Feature record: CXX_FEATURE:0cxx_noexcept
    Feature record: CXX_FEATURE:0cxx_nonstatic_member_init
    Feature record: CXX_FEATURE:0cxx_nullptr
    Feature record: CXX_FEATURE:0cxx_override
    Feature record: CXX_FEATURE:0cxx_range_for
    Feature record: CXX_FEATURE:0cxx_raw_string_literals
    Feature record: CXX_FEATURE:0cxx_reference_qualified_functions
    Feature record: CXX_FEATURE:0cxx_relaxed_constexpr
    Feature record: CXX_FEATURE:0cxx_return_type_deduction
    Feature record: CXX_FEATURE:0cxx_right_angle_brackets
    Feature record: CXX_FEATURE:0cxx_rvalue_references
    Feature record: CXX_FEATURE:0cxx_sizeof_member
    Feature record: CXX_FEATURE:0cxx_static_assert
    Feature record: CXX_FEATURE:0cxx_strong_enums
    Feature record: CXX_FEATURE:1cxx_template_template_parameters
    Feature record: CXX_FEATURE:0cxx_thread_local
    Feature record: CXX_FEATURE:0cxx_trailing_return_types
    Feature record: CXX_FEATURE:0cxx_unicode_literals
    Feature record: CXX_FEATURE:0cxx_uniform_initialization
    Feature record: CXX_FEATURE:0cxx_unrestricted_unions
    Feature record: CXX_FEATURE:0cxx_user_literals
    Feature record: CXX_FEATURE:0cxx_variable_templates
    Feature record: CXX_FEATURE:0cxx_variadic_macros
    Feature record: CXX_FEATURE:0cxx_variadic_templates
Compiling the CUDA compiler identification source file "CMakeCUDACompilerId.cu" succeeded.
Compiler: /usr/local/pacerepov1/cuda/9.1/bin/nvcc 
Build flags: 
Id flags:  -v;--keep;--keep-dir;tmp

The output was:
0
#$ _SPACE_= 
#$ _CUDART_=cudart
#$ _HERE_=/usr/local/pacerepov1/cuda/9.1/bin
#$ _THERE_=/usr/local/pacerepov1/cuda/9.1/bin
#$ _TARGET_SIZE_=
#$ _TARGET_DIR_=
#$ _TARGET_SIZE_=64
#$ TOP=/usr/local/pacerepov1/cuda/9.1/bin/..
#$ NVVMIR_LIBRARY_DIR=/usr/local/pacerepov1/cuda/9.1/bin/../nvvm/libdevice
#$ LD_LIBRARY_PATH=/usr/local/pacerepov1/cuda/9.1/bin/../lib:/usr/local/pacerepov1//openmpi/1.8/gcc-4.9.0/lib:/usr/local/pacerepov1/cuda/9.1/lib64:/usr/local/pacerepov1/cuda/9.1/lib:/usr/local/pacerepov1/gcc/mpc/0.9/lib:/usr/local/pacerepov1/gcc/mpfr/3.1.0/lib:/usr/local/pacerepov1/gmp/5.0.2/lib:/usr/local/pacerepov1/gcc/4.9.0/lib64:/opt/torque/current/lib:/opt/oracle/current/lib:
#$ PATH=/usr/local/pacerepov1/cuda/9.1/bin/../nvvm/bin:/usr/local/pacerepov1/cuda/9.1/bin:/usr/local/pacerepov1//openmpi/1.8/gcc-4.9.0/bin:/usr/local/pacerepov1/cuda/9.1/bin:/usr/local/pacerepov1/cuda/9.1/samples/bin/x86_64/linux/release/:/usr/local/pacerepov1/cmake/3.9.1/bin:/usr/local/pacerepov1/gcc/4.9.0/bin:/opt/torque/current/sbin:/opt/torque/current/bin:/usr/lib64/qt-3.3/bin:/usr/bin/:/opt/pace/bin/:/opt/moab/current/bin:/usr/local/bin:/bin:/usr/bin:/usr/local/sbin:/usr/sbin:/sbin:/nv/coc-ice/hli656/bin
#$ INCLUDES="-I/usr/local/pacerepov1/cuda/9.1/bin/..//include"  
#$ LIBRARIES=  "-L/usr/local/pacerepov1/cuda/9.1/bin/..//lib64/stubs" "-L/usr/local/pacerepov1/cuda/9.1/bin/..//lib64"
#$ CUDAFE_FLAGS=
#$ PTXAS_FLAGS=
#$ rm tmp/a_dlink.reg.c
#$ gcc -D__CUDA_ARCH__=300 -E -x c++  -DCUDA_DOUBLE_MATH_FUNCTIONS -D__CUDACC__ -D__NVCC__  "-I/usr/local/pacerepov1/cuda/9.1/bin/..//include"   -D"__CUDACC_VER_BUILD__=85" -D"__CUDACC_VER_MINOR__=1" -D"__CUDACC_VER_MAJOR__=9" -include "cuda_runtime.h" -m64 "CMakeCUDACompilerId.cu" > "tmp/CMakeCUDACompilerId.cpp1.ii" 
#$ cicc --gnu_version=40900 --allow_managed   -arch compute_30 -m64 -ftz=0 -prec_div=1 -prec_sqrt=1 -fmad=1 --include_file_name "CMakeCUDACompilerId.fatbin.c" -tused -nvvmir-library "/usr/local/pacerepov1/cuda/9.1/bin/../nvvm/libdevice/libdevice.10.bc" --gen_module_id_file --module_id_file_name "tmp/CMakeCUDACompilerId.module_id" --orig_src_file_name "CMakeCUDACompilerId.cu" --gen_c_file_name "tmp/CMakeCUDACompilerId.cudafe1.c" --stub_file_name "tmp/CMakeCUDACompilerId.cudafe1.stub.c" --gen_device_file_name "tmp/CMakeCUDACompilerId.cudafe1.gpu"  "tmp/CMakeCUDACompilerId.cpp1.ii" -o "tmp/CMakeCUDACompilerId.ptx"
#$ ptxas -arch=sm_30 -m64  "tmp/CMakeCUDACompilerId.ptx"  -o "tmp/CMakeCUDACompilerId.sm_30.cubin" 
#$ fatbinary --create="tmp/CMakeCUDACompilerId.fatbin" -64 "--image=profile=sm_30,file=tmp/CMakeCUDACompilerId.sm_30.cubin" "--image=profile=compute_30,file=tmp/CMakeCUDACompilerId.ptx" --embedded-fatbin="tmp/CMakeCUDACompilerId.fatbin.c" --cuda
#$ gcc -E -x c++ -D__CUDACC__ -D__NVCC__  "-I/usr/local/pacerepov1/cuda/9.1/bin/..//include"   -D"__CUDACC_VER_BUILD__=85" -D"__CUDACC_VER_MINOR__=1" -D"__CUDACC_VER_MAJOR__=9" -include "cuda_runtime.h" -m64 "CMakeCUDACompilerId.cu" > "tmp/CMakeCUDACompilerId.cpp4.ii" 
#$ cudafe++ --gnu_version=40900 --allow_managed  --m64 --parse_templates --gen_c_file_name "tmp/CMakeCUDACompilerId.cudafe1.cpp" --stub_file_name "CMakeCUDACompilerId.cudafe1.stub.c" --module_id_file_name "tmp/CMakeCUDACompilerId.module_id" "tmp/CMakeCUDACompilerId.cpp4.ii" 
#$ gcc -D__CUDA_ARCH__=300 -c -x c++  -DCUDA_DOUBLE_MATH_FUNCTIONS "-I/usr/local/pacerepov1/cuda/9.1/bin/..//include"   -m64 -o "tmp/CMakeCUDACompilerId.o" "tmp/CMakeCUDACompilerId.cudafe1.cpp" 
#$ nvlink --arch=sm_30 --register-link-binaries="tmp/a_dlink.reg.c"  -m64   "-L/usr/local/pacerepov1/cuda/9.1/bin/..//lib64/stubs" "-L/usr/local/pacerepov1/cuda/9.1/bin/..//lib64" -cpu-arch=X86_64 "tmp/CMakeCUDACompilerId.o"  -o "tmp/a_dlink.sm_30.cubin"
#$ fatbinary --create="tmp/a_dlink.fatbin" -64 -link "--image=profile=sm_30,file=tmp/a_dlink.sm_30.cubin" --embedded-fatbin="tmp/a_dlink.fatbin.c" 
#$ gcc -c -x c++ -DFATBINFILE="\"tmp/a_dlink.fatbin.c\"" -DREGISTERLINKBINARYFILE="\"tmp/a_dlink.reg.c\"" -I. -D__NV_EXTRA_INITIALIZATION= -D__NV_EXTRA_FINALIZATION=  "-I/usr/local/pacerepov1/cuda/9.1/bin/..//include"   -D"__CUDACC_VER_BUILD__=85" -D"__CUDACC_VER_MINOR__=1" -D"__CUDACC_VER_MAJOR__=9" -m64 -o "tmp/a_dlink.o" "/usr/local/pacerepov1/cuda/9.1/bin/crt/link.stub" 
#$ g++ -m64 -o "a.out" -Wl,--start-group "tmp/a_dlink.o" "tmp/CMakeCUDACompilerId.o"   "-L/usr/local/pacerepov1/cuda/9.1/bin/..//lib64/stubs" "-L/usr/local/pacerepov1/cuda/9.1/bin/..//lib64" -lcudadevrt  -lcudart_static  -lrt -lpthread  -ldl  -Wl,--end-group 


Compilation of the CUDA compiler identification source "CMakeCUDACompilerId.cu" produced "a.out"

The CUDA compiler identification is NVIDIA, found in "/nv/coc-ice/hli656/final_testCmake/build/CMakeFiles/3.9.1/CompilerIdCUDA/a.out"

Parsed CUDA nvcc implicit link information from above output:
  found 'LIBRARIES=' string: ["-L/usr/local/pacerepov1/cuda/9.1/bin/..//lib64/stubs" "-L/usr/local/pacerepov1/cuda/9.1/bin/..//lib64"]
  considering line: [#$ rm tmp/a_dlink.reg.c]
  considering line: [gcc -D__CUDA_ARCH__=300 -E -x c++  -DCUDA_DOUBLE_MATH_FUNCTIONS -D__CUDACC__ -D__NVCC__  "-I/usr/local/pacerepov1/cuda/9.1/bin/..//include"   -D"__CUDACC_VER_BUILD__=85" -D"__CUDACC_VER_MINOR__=1" -D"__CUDACC_VER_MAJOR__=9" -include "cuda_runtime.h" -m64 "CMakeCUDACompilerId.cu" > "tmp/CMakeCUDACompilerId.cpp1.ii" ]
  considering line: [cicc --gnu_version=40900 --allow_managed   -arch compute_30 -m64 -ftz=0 -prec_div=1 -prec_sqrt=1 -fmad=1 --include_file_name "CMakeCUDACompilerId.fatbin.c" -tused -nvvmir-library "/usr/local/pacerepov1/cuda/9.1/bin/../nvvm/libdevice/libdevice.10.bc" --gen_module_id_file --module_id_file_name "tmp/CMakeCUDACompilerId.module_id" --orig_src_file_name "CMakeCUDACompilerId.cu" --gen_c_file_name "tmp/CMakeCUDACompilerId.cudafe1.c" --stub_file_name "tmp/CMakeCUDACompilerId.cudafe1.stub.c" --gen_device_file_name "tmp/CMakeCUDACompilerId.cudafe1.gpu"  "tmp/CMakeCUDACompilerId.cpp1.ii" -o "tmp/CMakeCUDACompilerId.ptx"]
  considering line: [ptxas -arch=sm_30 -m64  "tmp/CMakeCUDACompilerId.ptx"  -o "tmp/CMakeCUDACompilerId.sm_30.cubin" ]
  considering line: [fatbinary --create="tmp/CMakeCUDACompilerId.fatbin" -64 "--image=profile=sm_30,file=tmp/CMakeCUDACompilerId.sm_30.cubin" "--image=profile=compute_30,file=tmp/CMakeCUDACompilerId.ptx" --embedded-fatbin="tmp/CMakeCUDACompilerId.fatbin.c" --cuda]
  considering line: [gcc -E -x c++ -D__CUDACC__ -D__NVCC__  "-I/usr/local/pacerepov1/cuda/9.1/bin/..//include"   -D"__CUDACC_VER_BUILD__=85" -D"__CUDACC_VER_MINOR__=1" -D"__CUDACC_VER_MAJOR__=9" -include "cuda_runtime.h" -m64 "CMakeCUDACompilerId.cu" > "tmp/CMakeCUDACompilerId.cpp4.ii" ]
  considering line: [cudafe++ --gnu_version=40900 --allow_managed  --m64 --parse_templates --gen_c_file_name "tmp/CMakeCUDACompilerId.cudafe1.cpp" --stub_file_name "CMakeCUDACompilerId.cudafe1.stub.c" --module_id_file_name "tmp/CMakeCUDACompilerId.module_id" "tmp/CMakeCUDACompilerId.cpp4.ii" ]
  considering line: [gcc -D__CUDA_ARCH__=300 -c -x c++  -DCUDA_DOUBLE_MATH_FUNCTIONS "-I/usr/local/pacerepov1/cuda/9.1/bin/..//include"   -m64 -o "tmp/CMakeCUDACompilerId.o" "tmp/CMakeCUDACompilerId.cudafe1.cpp" ]
  considering line: [nvlink --arch=sm_30 --register-link-binaries="tmp/a_dlink.reg.c"  -m64   "-L/usr/local/pacerepov1/cuda/9.1/bin/..//lib64/stubs" "-L/usr/local/pacerepov1/cuda/9.1/bin/..//lib64" -cpu-arch=X86_64 "tmp/CMakeCUDACompilerId.o"  -o "tmp/a_dlink.sm_30.cubin"]
    ignoring nvlink line
  considering line: [fatbinary --create="tmp/a_dlink.fatbin" -64 -link "--image=profile=sm_30,file=tmp/a_dlink.sm_30.cubin" --embedded-fatbin="tmp/a_dlink.fatbin.c" ]
  considering line: [gcc -c -x c++ -DFATBINFILE="\"tmp/a_dlink.fatbin.c\"" -DREGISTERLINKBINARYFILE="\"tmp/a_dlink.reg.c\"" -I. -D__NV_EXTRA_INITIALIZATION= -D__NV_EXTRA_FINALIZATION=  "-I/usr/local/pacerepov1/cuda/9.1/bin/..//include"   -D"__CUDACC_VER_BUILD__=85" -D"__CUDACC_VER_MINOR__=1" -D"__CUDACC_VER_MAJOR__=9" -m64 -o "tmp/a_dlink.o" "/usr/local/pacerepov1/cuda/9.1/bin/crt/link.stub" ]
  considering line: [g++ -m64 -o "a.out" -Wl,--start-group "tmp/a_dlink.o" "tmp/CMakeCUDACompilerId.o"   "-L/usr/local/pacerepov1/cuda/9.1/bin/..//lib64/stubs" "-L/usr/local/pacerepov1/cuda/9.1/bin/..//lib64" -lcudadevrt  -lcudart_static  -lrt -lpthread  -ldl  -Wl,--end-group ]
    extracted link line: [g++ -m64 -o "a.out" -Wl,--start-group "tmp/a_dlink.o" "tmp/CMakeCUDACompilerId.o"   "-L/usr/local/pacerepov1/cuda/9.1/bin/..//lib64/stubs" "-L/usr/local/pacerepov1/cuda/9.1/bin/..//lib64" -lcudadevrt  -lcudart_static  -lrt -lpthread  -ldl  -Wl,--end-group ]
  considering line: []

  link line regex: [^( *|.*[/\])(ld|CMAKE_LINK_STARTFILE-NOTFOUND|([^/\]+-)?ld|collect2)[^/\]*( |$)]
  link line: [cuda-fake-ld g++ -m64 -o "a.out" -Wl,--start-group "tmp/a_dlink.o" "tmp/CMakeCUDACompilerId.o"   "-L/usr/local/pacerepov1/cuda/9.1/bin/..//lib64/stubs" "-L/usr/local/pacerepov1/cuda/9.1/bin/..//lib64" -lcudadevrt  -lcudart_static  -lrt -lpthread  -ldl  -Wl,--end-group ]
    arg [cuda-fake-ld] ==> ignore
    arg [g++] ==> ignore
    arg [-m64] ==> ignore
    arg [-o] ==> ignore
    arg [a.out] ==> ignore
    arg [-Wl,--start-group] ==> ignore
    arg [tmp/a_dlink.o] ==> ignore
    arg [tmp/CMakeCUDACompilerId.o] ==> ignore
    arg [-L/usr/local/pacerepov1/cuda/9.1/bin/..//lib64/stubs] ==> dir [/usr/local/pacerepov1/cuda/9.1/bin/..//lib64/stubs]
    arg [-L/usr/local/pacerepov1/cuda/9.1/bin/..//lib64] ==> dir [/usr/local/pacerepov1/cuda/9.1/bin/..//lib64]
    arg [-lcudadevrt] ==> lib [cudadevrt]
    arg [-lcudart_static] ==> lib [cudart_static]
    arg [-lrt] ==> lib [rt]
    arg [-lpthread] ==> lib [pthread]
    arg [-ldl] ==> lib [dl]
    arg [-Wl,--end-group] ==> ignore
  collapse library dir [/usr/local/pacerepov1/cuda/9.1/bin/..//lib64/stubs] ==> [/usr/local/pacerepov1/cuda/9.1/lib64/stubs]
  collapse library dir [/usr/local/pacerepov1/cuda/9.1/bin/..//lib64] ==> [/usr/local/pacerepov1/cuda/9.1/lib64]
  implicit libs: [cudadevrt;cudart_static;rt;pthread;dl]
  implicit dirs: [/usr/local/pacerepov1/cuda/9.1/lib64/stubs;/usr/local/pacerepov1/cuda/9.1/lib64]
  implicit fwks: []


Parsed CUDA nvcc include information from above output:
  found 'LIBRARIES=' string: ["-L/usr/local/pacerepov1/cuda/9.1/bin/..//lib64/stubs" "-L/usr/local/pacerepov1/cuda/9.1/bin/..//lib64"]
  considering line: [#$ rm tmp/a_dlink.reg.c]
  considering line: [gcc -D__CUDA_ARCH__=300 -E -x c++  -DCUDA_DOUBLE_MATH_FUNCTIONS -D__CUDACC__ -D__NVCC__  "-I/usr/local/pacerepov1/cuda/9.1/bin/..//include"   -D"__CUDACC_VER_BUILD__=85" -D"__CUDACC_VER_MINOR__=1" -D"__CUDACC_VER_MAJOR__=9" -include "cuda_runtime.h" -m64 "CMakeCUDACompilerId.cu" > "tmp/CMakeCUDACompilerId.cpp1.ii" ]
  considering line: [cicc --gnu_version=40900 --allow_managed   -arch compute_30 -m64 -ftz=0 -prec_div=1 -prec_sqrt=1 -fmad=1 --include_file_name "CMakeCUDACompilerId.fatbin.c" -tused -nvvmir-library "/usr/local/pacerepov1/cuda/9.1/bin/../nvvm/libdevice/libdevice.10.bc" --gen_module_id_file --module_id_file_name "tmp/CMakeCUDACompilerId.module_id" --orig_src_file_name "CMakeCUDACompilerId.cu" --gen_c_file_name "tmp/CMakeCUDACompilerId.cudafe1.c" --stub_file_name "tmp/CMakeCUDACompilerId.cudafe1.stub.c" --gen_device_file_name "tmp/CMakeCUDACompilerId.cudafe1.gpu"  "tmp/CMakeCUDACompilerId.cpp1.ii" -o "tmp/CMakeCUDACompilerId.ptx"]
  considering line: [ptxas -arch=sm_30 -m64  "tmp/CMakeCUDACompilerId.ptx"  -o "tmp/CMakeCUDACompilerId.sm_30.cubin" ]
  considering line: [fatbinary --create="tmp/CMakeCUDACompilerId.fatbin" -64 "--image=profile=sm_30,file=tmp/CMakeCUDACompilerId.sm_30.cubin" "--image=profile=compute_30,file=tmp/CMakeCUDACompilerId.ptx" --embedded-fatbin="tmp/CMakeCUDACompilerId.fatbin.c" --cuda]
  considering line: [gcc -E -x c++ -D__CUDACC__ -D__NVCC__  "-I/usr/local/pacerepov1/cuda/9.1/bin/..//include"   -D"__CUDACC_VER_BUILD__=85" -D"__CUDACC_VER_MINOR__=1" -D"__CUDACC_VER_MAJOR__=9" -include "cuda_runtime.h" -m64 "CMakeCUDACompilerId.cu" > "tmp/CMakeCUDACompilerId.cpp4.ii" ]
  considering line: [cudafe++ --gnu_version=40900 --allow_managed  --m64 --parse_templates --gen_c_file_name "tmp/CMakeCUDACompilerId.cudafe1.cpp" --stub_file_name "CMakeCUDACompilerId.cudafe1.stub.c" --module_id_file_name "tmp/CMakeCUDACompilerId.module_id" "tmp/CMakeCUDACompilerId.cpp4.ii" ]
  considering line: [gcc -D__CUDA_ARCH__=300 -c -x c++  -DCUDA_DOUBLE_MATH_FUNCTIONS "-I/usr/local/pacerepov1/cuda/9.1/bin/..//include"   -m64 -o "tmp/CMakeCUDACompilerId.o" "tmp/CMakeCUDACompilerId.cudafe1.cpp" ]
  considering line: [nvlink --arch=sm_30 --register-link-binaries="tmp/a_dlink.reg.c"  -m64   "-L/usr/local/pacerepov1/cuda/9.1/bin/..//lib64/stubs" "-L/usr/local/pacerepov1/cuda/9.1/bin/..//lib64" -cpu-arch=X86_64 "tmp/CMakeCUDACompilerId.o"  -o "tmp/a_dlink.sm_30.cubin"]
    ignoring nvlink line
  considering line: [fatbinary --create="tmp/a_dlink.fatbin" -64 -link "--image=profile=sm_30,file=tmp/a_dlink.sm_30.cubin" --embedded-fatbin="tmp/a_dlink.fatbin.c" ]
  considering line: [gcc -c -x c++ -DFATBINFILE="\"tmp/a_dlink.fatbin.c\"" -DREGISTERLINKBINARYFILE="\"tmp/a_dlink.reg.c\"" -I. -D__NV_EXTRA_INITIALIZATION= -D__NV_EXTRA_FINALIZATION=  "-I/usr/local/pacerepov1/cuda/9.1/bin/..//include"   -D"__CUDACC_VER_BUILD__=85" -D"__CUDACC_VER_MINOR__=1" -D"__CUDACC_VER_MAJOR__=9" -m64 -o "tmp/a_dlink.o" "/usr/local/pacerepov1/cuda/9.1/bin/crt/link.stub" ]
  considering line: [g++ -m64 -o "a.out" -Wl,--start-group "tmp/a_dlink.o" "tmp/CMakeCUDACompilerId.o"   "-L/usr/local/pacerepov1/cuda/9.1/bin/..//lib64/stubs" "-L/usr/local/pacerepov1/cuda/9.1/bin/..//lib64" -lcudadevrt  -lcudart_static  -lrt -lpthread  -ldl  -Wl,--end-group ]
    extracted link line: [g++ -m64 -o "a.out" -Wl,--start-group "tmp/a_dlink.o" "tmp/CMakeCUDACompilerId.o"   "-L/usr/local/pacerepov1/cuda/9.1/bin/..//lib64/stubs" "-L/usr/local/pacerepov1/cuda/9.1/bin/..//lib64" -lcudadevrt  -lcudart_static  -lrt -lpthread  -ldl  -Wl,--end-group ]
  considering line: []
  found 'INCLUDES=' string: ["-I/usr/local/pacerepov1/cuda/9.1/bin/..//include"  ]

  link line regex: [^( *|.*[/\])(ld|CMAKE_LINK_STARTFILE-NOTFOUND|([^/\]+-)?ld|collect2)[^/\]*( |$)]
  link line: [cuda-fake-ld g++ -m64 -o "a.out" -Wl,--start-group "tmp/a_dlink.o" "tmp/CMakeCUDACompilerId.o"   "-L/usr/local/pacerepov1/cuda/9.1/bin/..//lib64/stubs" "-L/usr/local/pacerepov1/cuda/9.1/bin/..//lib64" -lcudadevrt  -lcudart_static  -lrt -lpthread  -ldl  -Wl,--end-group ]
    arg [cuda-fake-ld] ==> ignore
    arg [g++] ==> ignore
    arg [-m64] ==> ignore
    arg [-o] ==> ignore
    arg [a.out] ==> ignore
    arg [-Wl,--start-group] ==> ignore
    arg [tmp/a_dlink.o] ==> ignore
    arg [tmp/CMakeCUDACompilerId.o] ==> ignore
    arg [-L/usr/local/pacerepov1/cuda/9.1/bin/..//lib64/stubs] ==> dir [/usr/local/pacerepov1/cuda/9.1/bin/..//lib64/stubs]
    arg [-L/usr/local/pacerepov1/cuda/9.1/bin/..//lib64] ==> dir [/usr/local/pacerepov1/cuda/9.1/bin/..//lib64]
    arg [-lcudadevrt] ==> lib [cudadevrt]
    arg [-lcudart_static] ==> lib [cudart_static]
    arg [-lrt] ==> lib [rt]
    arg [-lpthread] ==> lib [pthread]
    arg [-ldl] ==> lib [dl]
    arg [-Wl,--end-group] ==> ignore
  collapse library dir [/usr/local/pacerepov1/cuda/9.1/bin/..//lib64/stubs] ==> [/usr/local/pacerepov1/cuda/9.1/lib64/stubs]
  collapse library dir [/usr/local/pacerepov1/cuda/9.1/bin/..//lib64] ==> [/usr/local/pacerepov1/cuda/9.1/lib64]
  implicit libs: [cudadevrt;cudart_static;rt;pthread;dl]
  implicit dirs: [/usr/local/pacerepov1/cuda/9.1/lib64/stubs;/usr/local/pacerepov1/cuda/9.1/lib64]
  implicit fwks: []


Determining if the CUDA compiler works passed with the following output:
Change Dir: /nv/coc-ice/hli656/final_testCmake/build/CMakeFiles/CMakeTmp

Run Build Command:"/usr/bin/gmake" "cmTC_c330f/fast"
/usr/bin/gmake -f CMakeFiles/cmTC_c330f.dir/build.make CMakeFiles/cmTC_c330f.dir/build
gmake[1]: Entering directory `/nv/coc-ice/hli656/final_testCmake/build/CMakeFiles/CMakeTmp'
Building CUDA object CMakeFiles/cmTC_c330f.dir/main.cu.o
/usr/local/pacerepov1/cuda/9.1/bin/nvcc     -x cu -c /nv/coc-ice/hli656/final_testCmake/build/CMakeFiles/CMakeTmp/main.cu -o CMakeFiles/cmTC_c330f.dir/main.cu.o
Linking CUDA device code CMakeFiles/cmTC_c330f.dir/cmake_device_link.o
/nv/usr-local-rhel6.7/pacerepov1/cmake/3.9.1/bin/cmake -E cmake_link_script CMakeFiles/cmTC_c330f.dir/dlink.txt --verbose=1
/usr/local/pacerepov1/cuda/9.1/bin/nvcc    -Xcompiler=-fPIC -Wno-deprecated-gpu-targets -shared -dlink CMakeFiles/cmTC_c330f.dir/main.cu.o -o CMakeFiles/cmTC_c330f.dir/cmake_device_link.o 
Linking CUDA executable cmTC_c330f
/nv/usr-local-rhel6.7/pacerepov1/cmake/3.9.1/bin/cmake -E cmake_link_script CMakeFiles/cmTC_c330f.dir/link.txt --verbose=1
g++  -L/usr/local/pacerepov1//openmpi/1.8/gcc-4.9.0/lib -L/usr/local/pacerepov1/cuda/9.1/lib64 -L/usr/local/pacerepov1/cuda/9.1/lib -L/usr/local/pacerepov1/gcc/mpc/0.9/lib -L/usr/local/pacerepov1/gcc/mpfr/3.1.0/lib -L/usr/local/pacerepov1/gmp/5.0.2/lib -L/usr/local/pacerepov1/gcc/4.9.0/lib64  CMakeFiles/cmTC_c330f.dir/main.cu.o CMakeFiles/cmTC_c330f.dir/cmake_device_link.o -o cmTC_c330f  -L"/usr/local/pacerepov1/cuda/9.1/lib64/stubs" -L"/usr/local/pacerepov1/cuda/9.1/lib64" -lcudadevrt -lcudart_static -lrt -lpthread -ldl
gmake[1]: Leaving directory `/nv/coc-ice/hli656/final_testCmake/build/CMakeFiles/CMakeTmp'


Detecting CUDA compiler ABI info compiled with the following output:
Change Dir: /nv/coc-ice/hli656/final_testCmake/build/CMakeFiles/CMakeTmp

Run Build Command:"/usr/bin/gmake" "cmTC_eac09/fast"
/usr/bin/gmake -f CMakeFiles/cmTC_eac09.dir/build.make CMakeFiles/cmTC_eac09.dir/build
gmake[1]: Entering directory `/nv/coc-ice/hli656/final_testCmake/build/CMakeFiles/CMakeTmp'
Building CUDA object CMakeFiles/cmTC_eac09.dir/CMakeCUDACompilerABI.cu.o
/usr/local/pacerepov1/cuda/9.1/bin/nvcc     -x cu -c /nv/usr-local-rhel6.7/pacerepov1/cmake/3.9.1/share/cmake-3.9/Modules/CMakeCUDACompilerABI.cu -o CMakeFiles/cmTC_eac09.dir/CMakeCUDACompilerABI.cu.o
Linking CUDA device code CMakeFiles/cmTC_eac09.dir/cmake_device_link.o
/nv/usr-local-rhel6.7/pacerepov1/cmake/3.9.1/bin/cmake -E cmake_link_script CMakeFiles/cmTC_eac09.dir/dlink.txt --verbose=1
/usr/local/pacerepov1/cuda/9.1/bin/nvcc    -Xcompiler=-fPIC -Wno-deprecated-gpu-targets -shared -dlink CMakeFiles/cmTC_eac09.dir/CMakeCUDACompilerABI.cu.o -o CMakeFiles/cmTC_eac09.dir/cmake_device_link.o 
Linking CUDA executable cmTC_eac09
/nv/usr-local-rhel6.7/pacerepov1/cmake/3.9.1/bin/cmake -E cmake_link_script CMakeFiles/cmTC_eac09.dir/link.txt --verbose=1
g++  -L/usr/local/pacerepov1//openmpi/1.8/gcc-4.9.0/lib -L/usr/local/pacerepov1/cuda/9.1/lib64 -L/usr/local/pacerepov1/cuda/9.1/lib -L/usr/local/pacerepov1/gcc/mpc/0.9/lib -L/usr/local/pacerepov1/gcc/mpfr/3.1.0/lib -L/usr/local/pacerepov1/gmp/5.0.2/lib -L/usr/local/pacerepov1/gcc/4.9.0/lib64 -v CMakeFiles/cmTC_eac09.dir/CMakeCUDACompilerABI.cu.o CMakeFiles/cmTC_eac09.dir/cmake_device_link.o -o cmTC_eac09  -L"/usr/local/pacerepov1/cuda/9.1/lib64/stubs" -L"/usr/local/pacerepov1/cuda/9.1/lib64" -lcudadevrt -lcudart_static -lrt -lpthread -ldl
使用内建 specs。
COLLECT_GCC=g++
COLLECT_LTO_WRAPPER=/nv/usr-local-rhel6.7/pacerepov1/gcc/4.9.0/bin/../libexec/gcc/x86_64-unknown-linux-gnu/4.9.0/lto-wrapper
目标：x86_64-unknown-linux-gnu
配置为：../configure --prefix=/usr/local/packages/gcc/4.9.0/ --with-gmp=/usr/local/packages/gmp/5.0.2/gcc-4.4.5/ --with-gmp-lib=/usr/local/packages/gmp/5.0.2/gcc-4.4.5/lib/ --with-mpfr=/usr/local/packages/gcc/mpfr/3.1.0/ --with-mpfr-lib=/usr/local/packages/gcc/mpfr/3.1.0/lib --with-mpc=/usr/local/packages/gcc/mpc/0.9/ --with-mpc-lib=/usr/local/packages/gcc/mpc/0.9/lib/ --enable-languages=c,c++,fortran,go,java
线程模型：posix
gcc 版本 4.9.0 (GCC) 
COMPILER_PATH=/nv/usr-local-rhel6.7/pacerepov1/gcc/4.9.0/bin/../libexec/gcc/x86_64-unknown-linux-gnu/4.9.0/:/nv/usr-local-rhel6.7/pacerepov1/gcc/4.9.0/bin/../libexec/gcc/
LIBRARY_PATH=/nv/usr-local-rhel6.7/pacerepov1/gcc/4.9.0/bin/../lib/gcc/x86_64-unknown-linux-gnu/4.9.0/:/nv/usr-local-rhel6.7/pacerepov1/gcc/4.9.0/bin/../lib/gcc/:/nv/usr-local-rhel6.7/pacerepov1/gcc/4.9.0/bin/../lib/gcc/x86_64-unknown-linux-gnu/4.9.0/../../../../lib64/:/lib/../lib64/:/usr/lib/../lib64/:/nv/usr-local-rhel6.7/pacerepov1/gcc/4.9.0/bin/../lib/gcc/x86_64-unknown-linux-gnu/4.9.0/../../../:/lib/:/usr/lib/
COLLECT_GCC_OPTIONS='-L/usr/local/pacerepov1//openmpi/1.8/gcc-4.9.0/lib' '-L/usr/local/pacerepov1/cuda/9.1/lib64' '-L/usr/local/pacerepov1/cuda/9.1/lib' '-L/usr/local/pacerepov1/gcc/mpc/0.9/lib' '-L/usr/local/pacerepov1/gcc/mpfr/3.1.0/lib' '-L/usr/local/pacerepov1/gmp/5.0.2/lib' '-L/usr/local/pacerepov1/gcc/4.9.0/lib64' '-v' '-o' 'cmTC_eac09' '-L/usr/local/pacerepov1/cuda/9.1/lib64/stubs' '-L/usr/local/pacerepov1/cuda/9.1/lib64' '-shared-libgcc' '-mtune=generic' '-march=x86-64'
 /nv/usr-local-rhel6.7/pacerepov1/gcc/4.9.0/bin/../libexec/gcc/x86_64-unknown-linux-gnu/4.9.0/collect2 --eh-frame-hdr -m elf_x86_64 -dynamic-linker /lib64/ld-linux-x86-64.so.2 -o cmTC_eac09 /usr/lib/../lib64/crt1.o /usr/lib/../lib64/crti.o /nv/usr-local-rhel6.7/pacerepov1/gcc/4.9.0/bin/../lib/gcc/x86_64-unknown-linux-gnu/4.9.0/crtbegin.o -L/usr/local/pacerepov1//openmpi/1.8/gcc-4.9.0/lib -L/usr/local/pacerepov1/cuda/9.1/lib64 -L/usr/local/pacerepov1/cuda/9.1/lib -L/usr/local/pacerepov1/gcc/mpc/0.9/lib -L/usr/local/pacerepov1/gcc/mpfr/3.1.0/lib -L/usr/local/pacerepov1/gmp/5.0.2/lib -L/usr/local/pacerepov1/gcc/4.9.0/lib64 -L/usr/local/pacerepov1/cuda/9.1/lib64/stubs -L/usr/local/pacerepov1/cuda/9.1/lib64 -L/nv/usr-local-rhel6.7/pacerepov1/gcc/4.9.0/bin/../lib/gcc/x86_64-unknown-linux-gnu/4.9.0 -L/nv/usr-local-rhel6.7/pacerepov1/gcc/4.9.0/bin/../lib/gcc -L/nv/usr-local-rhel6.7/pacerepov1/gcc/4.9.0/bin/../lib/gcc/x86_64-unknown-linux-gnu/4.9.0/../../../../lib64 -L/lib/../lib64 -L/usr/lib/../lib64 -L/nv/usr-local-rhel6.7/pacerepov1/gcc/4.9.0/bin/../lib/gcc/x86_64-unknown-linux-gnu/4.9.0/../../.. CMakeFiles/cmTC_eac09.dir/CMakeCUDACompilerABI.cu.o CMakeFiles/cmTC_eac09.dir/cmake_device_link.o -lcudadevrt -lcudart_static -lrt -lpthread -ldl -lstdc++ -lm -lgcc_s -lgcc -lc -lgcc_s -lgcc /nv/usr-local-rhel6.7/pacerepov1/gcc/4.9.0/bin/../lib/gcc/x86_64-unknown-linux-gnu/4.9.0/crtend.o /usr/lib/../lib64/crtn.o
gmake[1]: Leaving directory `/nv/coc-ice/hli656/final_testCmake/build/CMakeFiles/CMakeTmp'


Parsed CUDA implicit link information from above output:
  link line regex: [^( *|.*[/\])(ld|CMAKE_LINK_STARTFILE-NOTFOUND|([^/\]+-)?ld|collect2)[^/\]*( |$)]
  ignore line: [Change Dir: /nv/coc-ice/hli656/final_testCmake/build/CMakeFiles/CMakeTmp]
  ignore line: []
  ignore line: [Run Build Command:"/usr/bin/gmake" "cmTC_eac09/fast"]
  ignore line: [/usr/bin/gmake -f CMakeFiles/cmTC_eac09.dir/build.make CMakeFiles/cmTC_eac09.dir/build]
  ignore line: [gmake[1]: Entering directory `/nv/coc-ice/hli656/final_testCmake/build/CMakeFiles/CMakeTmp']
  ignore line: [Building CUDA object CMakeFiles/cmTC_eac09.dir/CMakeCUDACompilerABI.cu.o]
  ignore line: [/usr/local/pacerepov1/cuda/9.1/bin/nvcc     -x cu -c /nv/usr-local-rhel6.7/pacerepov1/cmake/3.9.1/share/cmake-3.9/Modules/CMakeCUDACompilerABI.cu -o CMakeFiles/cmTC_eac09.dir/CMakeCUDACompilerABI.cu.o]
  ignore line: [Linking CUDA device code CMakeFiles/cmTC_eac09.dir/cmake_device_link.o]
  ignore line: [/nv/usr-local-rhel6.7/pacerepov1/cmake/3.9.1/bin/cmake -E cmake_link_script CMakeFiles/cmTC_eac09.dir/dlink.txt --verbose=1]
  ignore line: [/usr/local/pacerepov1/cuda/9.1/bin/nvcc    -Xcompiler=-fPIC -Wno-deprecated-gpu-targets -shared -dlink CMakeFiles/cmTC_eac09.dir/CMakeCUDACompilerABI.cu.o -o CMakeFiles/cmTC_eac09.dir/cmake_device_link.o ]
  ignore line: [Linking CUDA executable cmTC_eac09]
  ignore line: [/nv/usr-local-rhel6.7/pacerepov1/cmake/3.9.1/bin/cmake -E cmake_link_script CMakeFiles/cmTC_eac09.dir/link.txt --verbose=1]
  ignore line: [g++  -L/usr/local/pacerepov1//openmpi/1.8/gcc-4.9.0/lib -L/usr/local/pacerepov1/cuda/9.1/lib64 -L/usr/local/pacerepov1/cuda/9.1/lib -L/usr/local/pacerepov1/gcc/mpc/0.9/lib -L/usr/local/pacerepov1/gcc/mpfr/3.1.0/lib -L/usr/local/pacerepov1/gmp/5.0.2/lib -L/usr/local/pacerepov1/gcc/4.9.0/lib64 -v CMakeFiles/cmTC_eac09.dir/CMakeCUDACompilerABI.cu.o CMakeFiles/cmTC_eac09.dir/cmake_device_link.o -o cmTC_eac09  -L"/usr/local/pacerepov1/cuda/9.1/lib64/stubs" -L"/usr/local/pacerepov1/cuda/9.1/lib64" -lcudadevrt -lcudart_static -lrt -lpthread -ldl]
  ignore line: [使用内建 specs。]
  ignore line: [COLLECT_GCC=g++]
  ignore line: [COLLECT_LTO_WRAPPER=/nv/usr-local-rhel6.7/pacerepov1/gcc/4.9.0/bin/../libexec/gcc/x86_64-unknown-linux-gnu/4.9.0/lto-wrapper]
  ignore line: [目标：x86_64-unknown-linux-gnu]
  ignore line: [配置为：../configure --prefix=/usr/local/packages/gcc/4.9.0/ --with-gmp=/usr/local/packages/gmp/5.0.2/gcc-4.4.5/ --with-gmp-lib=/usr/local/packages/gmp/5.0.2/gcc-4.4.5/lib/ --with-mpfr=/usr/local/packages/gcc/mpfr/3.1.0/ --with-mpfr-lib=/usr/local/packages/gcc/mpfr/3.1.0/lib --with-mpc=/usr/local/packages/gcc/mpc/0.9/ --with-mpc-lib=/usr/local/packages/gcc/mpc/0.9/lib/ --enable-languages=c,c++,fortran,go,java]
  ignore line: [线程模型：posix]
  ignore line: [gcc 版本 4.9.0 (GCC) ]
  ignore line: [COMPILER_PATH=/nv/usr-local-rhel6.7/pacerepov1/gcc/4.9.0/bin/../libexec/gcc/x86_64-unknown-linux-gnu/4.9.0/:/nv/usr-local-rhel6.7/pacerepov1/gcc/4.9.0/bin/../libexec/gcc/]
  ignore line: [LIBRARY_PATH=/nv/usr-local-rhel6.7/pacerepov1/gcc/4.9.0/bin/../lib/gcc/x86_64-unknown-linux-gnu/4.9.0/:/nv/usr-local-rhel6.7/pacerepov1/gcc/4.9.0/bin/../lib/gcc/:/nv/usr-local-rhel6.7/pacerepov1/gcc/4.9.0/bin/../lib/gcc/x86_64-unknown-linux-gnu/4.9.0/../../../../lib64/:/lib/../lib64/:/usr/lib/../lib64/:/nv/usr-local-rhel6.7/pacerepov1/gcc/4.9.0/bin/../lib/gcc/x86_64-unknown-linux-gnu/4.9.0/../../../:/lib/:/usr/lib/]
  ignore line: [COLLECT_GCC_OPTIONS='-L/usr/local/pacerepov1//openmpi/1.8/gcc-4.9.0/lib' '-L/usr/local/pacerepov1/cuda/9.1/lib64' '-L/usr/local/pacerepov1/cuda/9.1/lib' '-L/usr/local/pacerepov1/gcc/mpc/0.9/lib' '-L/usr/local/pacerepov1/gcc/mpfr/3.1.0/lib' '-L/usr/local/pacerepov1/gmp/5.0.2/lib' '-L/usr/local/pacerepov1/gcc/4.9.0/lib64' '-v' '-o' 'cmTC_eac09' '-L/usr/local/pacerepov1/cuda/9.1/lib64/stubs' '-L/usr/local/pacerepov1/cuda/9.1/lib64' '-shared-libgcc' '-mtune=generic' '-march=x86-64']
  link line: [ /nv/usr-local-rhel6.7/pacerepov1/gcc/4.9.0/bin/../libexec/gcc/x86_64-unknown-linux-gnu/4.9.0/collect2 --eh-frame-hdr -m elf_x86_64 -dynamic-linker /lib64/ld-linux-x86-64.so.2 -o cmTC_eac09 /usr/lib/../lib64/crt1.o /usr/lib/../lib64/crti.o /nv/usr-local-rhel6.7/pacerepov1/gcc/4.9.0/bin/../lib/gcc/x86_64-unknown-linux-gnu/4.9.0/crtbegin.o -L/usr/local/pacerepov1//openmpi/1.8/gcc-4.9.0/lib -L/usr/local/pacerepov1/cuda/9.1/lib64 -L/usr/local/pacerepov1/cuda/9.1/lib -L/usr/local/pacerepov1/gcc/mpc/0.9/lib -L/usr/local/pacerepov1/gcc/mpfr/3.1.0/lib -L/usr/local/pacerepov1/gmp/5.0.2/lib -L/usr/local/pacerepov1/gcc/4.9.0/lib64 -L/usr/local/pacerepov1/cuda/9.1/lib64/stubs -L/usr/local/pacerepov1/cuda/9.1/lib64 -L/nv/usr-local-rhel6.7/pacerepov1/gcc/4.9.0/bin/../lib/gcc/x86_64-unknown-linux-gnu/4.9.0 -L/nv/usr-local-rhel6.7/pacerepov1/gcc/4.9.0/bin/../lib/gcc -L/nv/usr-local-rhel6.7/pacerepov1/gcc/4.9.0/bin/../lib/gcc/x86_64-unknown-linux-gnu/4.9.0/../../../../lib64 -L/lib/../lib64 -L/usr/lib/../lib64 -L/nv/usr-local-rhel6.7/pacerepov1/gcc/4.9.0/bin/../lib/gcc/x86_64-unknown-linux-gnu/4.9.0/../../.. CMakeFiles/cmTC_eac09.dir/CMakeCUDACompilerABI.cu.o CMakeFiles/cmTC_eac09.dir/cmake_device_link.o -lcudadevrt -lcudart_static -lrt -lpthread -ldl -lstdc++ -lm -lgcc_s -lgcc -lc -lgcc_s -lgcc /nv/usr-local-rhel6.7/pacerepov1/gcc/4.9.0/bin/../lib/gcc/x86_64-unknown-linux-gnu/4.9.0/crtend.o /usr/lib/../lib64/crtn.o]
    arg [/nv/usr-local-rhel6.7/pacerepov1/gcc/4.9.0/bin/../libexec/gcc/x86_64-unknown-linux-gnu/4.9.0/collect2] ==> ignore
    arg [--eh-frame-hdr] ==> ignore
    arg [-m] ==> ignore
    arg [elf_x86_64] ==> ignore
    arg [-dynamic-linker] ==> ignore
    arg [/lib64/ld-linux-x86-64.so.2] ==> ignore
    arg [-o] ==> ignore
    arg [cmTC_eac09] ==> ignore
    arg [/usr/lib/../lib64/crt1.o] ==> ignore
    arg [/usr/lib/../lib64/crti.o] ==> ignore
    arg [/nv/usr-local-rhel6.7/pacerepov1/gcc/4.9.0/bin/../lib/gcc/x86_64-unknown-linux-gnu/4.9.0/crtbegin.o] ==> ignore
    arg [-L/usr/local/pacerepov1//openmpi/1.8/gcc-4.9.0/lib] ==> dir [/usr/local/pacerepov1//openmpi/1.8/gcc-4.9.0/lib]
    arg [-L/usr/local/pacerepov1/cuda/9.1/lib64] ==> dir [/usr/local/pacerepov1/cuda/9.1/lib64]
    arg [-L/usr/local/pacerepov1/cuda/9.1/lib] ==> dir [/usr/local/pacerepov1/cuda/9.1/lib]
    arg [-L/usr/local/pacerepov1/gcc/mpc/0.9/lib] ==> dir [/usr/local/pacerepov1/gcc/mpc/0.9/lib]
    arg [-L/usr/local/pacerepov1/gcc/mpfr/3.1.0/lib] ==> dir [/usr/local/pacerepov1/gcc/mpfr/3.1.0/lib]
    arg [-L/usr/local/pacerepov1/gmp/5.0.2/lib] ==> dir [/usr/local/pacerepov1/gmp/5.0.2/lib]
    arg [-L/usr/local/pacerepov1/gcc/4.9.0/lib64] ==> dir [/usr/local/pacerepov1/gcc/4.9.0/lib64]
    arg [-L/usr/local/pacerepov1/cuda/9.1/lib64/stubs] ==> dir [/usr/local/pacerepov1/cuda/9.1/lib64/stubs]
    arg [-L/usr/local/pacerepov1/cuda/9.1/lib64] ==> dir [/usr/local/pacerepov1/cuda/9.1/lib64]
    arg [-L/nv/usr-local-rhel6.7/pacerepov1/gcc/4.9.0/bin/../lib/gcc/x86_64-unknown-linux-gnu/4.9.0] ==> dir [/nv/usr-local-rhel6.7/pacerepov1/gcc/4.9.0/bin/../lib/gcc/x86_64-unknown-linux-gnu/4.9.0]
    arg [-L/nv/usr-local-rhel6.7/pacerepov1/gcc/4.9.0/bin/../lib/gcc] ==> dir [/nv/usr-local-rhel6.7/pacerepov1/gcc/4.9.0/bin/../lib/gcc]
    arg [-L/nv/usr-local-rhel6.7/pacerepov1/gcc/4.9.0/bin/../lib/gcc/x86_64-unknown-linux-gnu/4.9.0/../../../../lib64] ==> dir [/nv/usr-local-rhel6.7/pacerepov1/gcc/4.9.0/bin/../lib/gcc/x86_64-unknown-linux-gnu/4.9.0/../../../../lib64]
    arg [-L/lib/../lib64] ==> dir [/lib/../lib64]
    arg [-L/usr/lib/../lib64] ==> dir [/usr/lib/../lib64]
    arg [-L/nv/usr-local-rhel6.7/pacerepov1/gcc/4.9.0/bin/../lib/gcc/x86_64-unknown-linux-gnu/4.9.0/../../..] ==> dir [/nv/usr-local-rhel6.7/pacerepov1/gcc/4.9.0/bin/../lib/gcc/x86_64-unknown-linux-gnu/4.9.0/../../..]
    arg [CMakeFiles/cmTC_eac09.dir/CMakeCUDACompilerABI.cu.o] ==> ignore
    arg [CMakeFiles/cmTC_eac09.dir/cmake_device_link.o] ==> ignore
    arg [-lcudadevrt] ==> lib [cudadevrt]
    arg [-lcudart_static] ==> lib [cudart_static]
    arg [-lrt] ==> lib [rt]
    arg [-lpthread] ==> lib [pthread]
    arg [-ldl] ==> lib [dl]
    arg [-lstdc++] ==> lib [stdc++]
    arg [-lm] ==> lib [m]
    arg [-lgcc_s] ==> lib [gcc_s]
    arg [-lgcc] ==> lib [gcc]
    arg [-lc] ==> lib [c]
    arg [-lgcc_s] ==> lib [gcc_s]
    arg [-lgcc] ==> lib [gcc]
    arg [/nv/usr-local-rhel6.7/pacerepov1/gcc/4.9.0/bin/../lib/gcc/x86_64-unknown-linux-gnu/4.9.0/crtend.o] ==> ignore
    arg [/usr/lib/../lib64/crtn.o] ==> ignore
  collapse library dir [/usr/local/pacerepov1//openmpi/1.8/gcc-4.9.0/lib] ==> [/usr/local/pacerepov1/openmpi/1.8/gcc-4.9.0/lib]
  collapse library dir [/usr/local/pacerepov1/cuda/9.1/lib64] ==> [/usr/local/pacerepov1/cuda/9.1/lib64]
  collapse library dir [/usr/local/pacerepov1/cuda/9.1/lib] ==> [/usr/local/pacerepov1/cuda/9.1/lib]
  collapse library dir [/usr/local/pacerepov1/gcc/mpc/0.9/lib] ==> [/usr/local/pacerepov1/gcc/mpc/0.9/lib]
  collapse library dir [/usr/local/pacerepov1/gcc/mpfr/3.1.0/lib] ==> [/usr/local/pacerepov1/gcc/mpfr/3.1.0/lib]
  collapse library dir [/usr/local/pacerepov1/gmp/5.0.2/lib] ==> [/usr/local/pacerepov1/gmp/5.0.2/lib]
  collapse library dir [/usr/local/pacerepov1/gcc/4.9.0/lib64] ==> [/usr/local/pacerepov1/gcc/4.9.0/lib64]
  collapse library dir [/usr/local/pacerepov1/cuda/9.1/lib64/stubs] ==> [/usr/local/pacerepov1/cuda/9.1/lib64/stubs]
  collapse library dir [/usr/local/pacerepov1/cuda/9.1/lib64] ==> [/usr/local/pacerepov1/cuda/9.1/lib64]
  collapse library dir [/nv/usr-local-rhel6.7/pacerepov1/gcc/4.9.0/bin/../lib/gcc/x86_64-unknown-linux-gnu/4.9.0] ==> [/nv/usr-local-rhel6.7/pacerepov1/gcc/4.9.0/lib/gcc/x86_64-unknown-linux-gnu/4.9.0]
  collapse library dir [/nv/usr-local-rhel6.7/pacerepov1/gcc/4.9.0/bin/../lib/gcc] ==> [/nv/usr-local-rhel6.7/pacerepov1/gcc/4.9.0/lib/gcc]
  collapse library dir [/nv/usr-local-rhel6.7/pacerepov1/gcc/4.9.0/bin/../lib/gcc/x86_64-unknown-linux-gnu/4.9.0/../../../../lib64] ==> [/nv/usr-local-rhel6.7/pacerepov1/gcc/4.9.0/lib64]
  collapse library dir [/lib/../lib64] ==> [/lib64]
  collapse library dir [/usr/lib/../lib64] ==> [/usr/lib64]
  collapse library dir [/nv/usr-local-rhel6.7/pacerepov1/gcc/4.9.0/bin/../lib/gcc/x86_64-unknown-linux-gnu/4.9.0/../../..] ==> [/nv/usr-local-rhel6.7/pacerepov1/gcc/4.9.0/lib]
  implicit libs: [cudadevrt;cudart_static;rt;pthread;dl;stdc++;m;gcc_s;gcc;c;gcc_s;gcc]
  implicit dirs: [/usr/local/pacerepov1/openmpi/1.8/gcc-4.9.0/lib;/usr/local/pacerepov1/cuda/9.1/lib64;/usr/local/pacerepov1/cuda/9.1/lib;/usr/local/pacerepov1/gcc/mpc/0.9/lib;/usr/local/pacerepov1/gcc/mpfr/3.1.0/lib;/usr/local/pacerepov1/gmp/5.0.2/lib;/usr/local/pacerepov1/gcc/4.9.0/lib64;/usr/local/pacerepov1/cuda/9.1/lib64/stubs;/nv/usr-local-rhel6.7/pacerepov1/gcc/4.9.0/lib/gcc/x86_64-unknown-linux-gnu/4.9.0;/nv/usr-local-rhel6.7/pacerepov1/gcc/4.9.0/lib/gcc;/nv/usr-local-rhel6.7/pacerepov1/gcc/4.9.0/lib64;/lib64;/usr/lib64;/nv/usr-local-rhel6.7/pacerepov1/gcc/4.9.0/lib]
  implicit fwks: []


